
trickerer@trickerer-PGE MINGW64 /e/AppServ/AC_github (master)
$ patch -p1 < NPCBots.patch
can't find file to patch at input line 294
Perhaps you used the wrong -p or --strip option?
The text leading up to this was:
--------------------------
| .circleci/config.yml                               |    27 +-
| README.md                                          |    43 +-
| sql/Bots/1_world_bot_appearance.sql                |   305 +
| sql/Bots/2_world_bot_extras.sql                    |   358 +
| sql/Bots/3_world_bots.sql                          |   547 +
| sql/Bots/4_world_generate_bot_equips.sql           |   159 +
| sql/Bots/5_world_botgiver.sql                      |    18 +
| sql/Bots/characters_bots.sql                       |    26 +
| sql/Bots/locales/zhCN/npc_text_locale.sql          |   343 +
| sql/Bots/locales/zhTW/npc_text_locale.sql          |   343 +
| sql/Bots/merge_sqls_auth_unix.sh                   |     2 +
| sql/Bots/merge_sqls_auth_windows.bat               |     1 +
| sql/Bots/merge_sqls_characters_unix.sh             |     3 +
| sql/Bots/merge_sqls_characters_windows.bat         |     1 +
| sql/Bots/merge_sqls_world_unix.sh                  |     3 +
| sql/Bots/merge_sqls_world_windows.bat              |     1 +
| .../auth/2021_09_14_00_rbac_permissions.sql        |    39 +
| .../auth/2021_09_14_01_rbac_linked_permissions.sql |    39 +
| .../auth/2021_12_29_00_rbac_permissions.sql        |     7 +
| .../auth/2021_12_29_01_rbac_linked_permissions.sql |     7 +
| .../auth/2022_06_24_00_rbac_permissions.sql        |     7 +
| .../auth/2022_06_24_01_rbac_linked_permissions.sql |     7 +
| .../auth/2022_07_04_00_rbac_permissions.sql        |     7 +
| .../auth/2022_07_04_01_rbac_linked_permissions.sql |     7 +
| ...15_characters_npcbot_NPCBots_4.7.8a-4.7.27a.sql |     1 +
| .../2020_06_21_characters_npcbot_43fceb98.sql      |   172 +
| ...8_characters_npcbot_NPCBots_4.7.34a-4.7.39a.sql |     1 +
| .../characters/2021_01_04_characters_npcbot.sql    |     1 +
| .../2021_01_24_characters_npcbot_stats.sql         |    32 +
| .../characters/2021_08_27_characters_npcbot.sql    |     2 +
| .../2020_07_08_creature_template_npcbot_extras.sql |     2 +
| .../updates/world/2020_09_25_creature_template.sql |     2 +
| .../world/2020_10_14_creature_classlevelstats.sql  |   611 +
| .../updates/world/2020_10_14_creature_template.sql |    50 +
| .../updates/world/2020_10_15_creature_template.sql |     2 +
| sql/Bots/updates/world/2020_11_07_npc_text.sql     |   329 +
| sql/Bots/updates/world/2020_12_11_npc_text.sql     |     4 +
| sql/Bots/updates/world/2021_01_04_npc_text.sql     |    19 +
| sql/Bots/updates/world/2021_01_05_npc_text.sql     |    13 +
| sql/Bots/updates/world/2021_01_08_npc_text.sql     |     9 +
| sql/Bots/updates/world/2021_02_01_npc_text.sql     |     2 +
| sql/Bots/updates/world/2021_03_29_npc_text.sql     |    10 +
| .../2021_08_20_creature_template_npcbot_extras.sql |     2 +
| sql/Bots/updates/world/2021_08_27_npc_text.sql     |     4 +
| .../updates/world/2021_10_12_creature_template.sql |     8 +
| ...22_01_02_00_creature_template_npcbot_extras.sql |    12 +
| .../2022_01_02_01_generate_equips_necromancer.sql  |    57 +
| .../world/2022_01_02_02_creature_template.sql      |    21 +
| sql/Bots/updates/world/2022_01_02_03_npc_text.sql  |    15 +
| sql/Bots/updates/world/2022_01_31_npc_text.sql     |    10 +
| ...22_06_15_00_creature_template_npcbot_extras.sql |     2 +
| sql/Bots/updates/world/2022_06_17_npc_text.sql     |     3 +
| ...22_06_22_00_creature_template_npcbot_extras.sql |    11 +
| .../2022_06_22_01_generate_equips_sea_witch.sql    |    50 +
| .../world/2022_06_22_02_creature_template.sql      |    21 +
| sql/Bots/updates/world/2022_06_22_03_npc_text.sql  |    26 +
| sql/Bots/updates/world/2022_06_23_00_command.sql   |    39 +
| sql/Bots/updates/world/2022_06_24_00_npc_text.sql  |     7 +
| sql/Bots/updates/world/2022_06_24_01_npc_text.sql  |     8 +
| sql/Bots/updates/world/2022_06_24_02_command.sql   |     4 +
| sql/Bots/updates/world/2022_07_04_00_command.sql   |     4 +
| sql/Bots/updates/world/2022_07_25_00_npc_text.sql  |     7 +
| src/common/Utilities/EventProcessor.h              |     1 +
| .../Database/Implementation/CharacterDatabase.cpp  |    18 +
| .../Database/Implementation/CharacterDatabase.h    |    14 +
| src/server/game/AI/CoreAI/UnitAI.cpp               |     3 +
| src/server/game/AI/NpcBots/bot_Events.h            |    53 +
| src/server/game/AI/NpcBots/bot_GridNotifiers.h     |  1355 ++
| src/server/game/AI/NpcBots/bot_ai.cpp              | 18241 +++++++++++++++++++
| src/server/game/AI/NpcBots/bot_ai.h                |   695 +
| src/server/game/AI/NpcBots/bot_archmage_ai.cpp     |   391 +
| src/server/game/AI/NpcBots/bot_bm_ai.cpp           |   929 +
| src/server/game/AI/NpcBots/bot_dark_ranger_ai.cpp  |   604 +
| src/server/game/AI/NpcBots/bot_death_knight_ai.cpp |  2110 +++
| src/server/game/AI/NpcBots/bot_dreadlord_ai.cpp    |   539 +
| src/server/game/AI/NpcBots/bot_druid_ai.cpp        |  2929 +++
| src/server/game/AI/NpcBots/bot_hunter_ai.cpp       |  2364 +++
| src/server/game/AI/NpcBots/bot_mage_ai.cpp         |  1837 ++
| src/server/game/AI/NpcBots/bot_necromancer_ai.cpp  |   748 +
| src/server/game/AI/NpcBots/bot_paladin_ai.cpp      |  2780 +++
| src/server/game/AI/NpcBots/bot_priest_ai.cpp       |  2105 +++
| src/server/game/AI/NpcBots/bot_rogue_ai.cpp        |  2037 +++
| src/server/game/AI/NpcBots/bot_sea_witch_ai.cpp    |   766 +
| src/server/game/AI/NpcBots/bot_shaman_ai.cpp       |  2820 +++
| src/server/game/AI/NpcBots/bot_spellbreaker_ai.cpp |   599 +
| src/server/game/AI/NpcBots/bot_sphynx_ai.cpp       |   597 +
| src/server/game/AI/NpcBots/bot_warlock_ai.cpp      |  2085 +++
| src/server/game/AI/NpcBots/bot_warrior_ai.cpp      |  2259 +++
| src/server/game/AI/NpcBots/botcommands.cpp         |  1890 ++
| src/server/game/AI/NpcBots/botcommon.h             |  1047 ++
| src/server/game/AI/NpcBots/botdatamgr.cpp          |   524 +
| src/server/game/AI/NpcBots/botdatamgr.h            |   135 +
| src/server/game/AI/NpcBots/botdpstracker.cpp       |   133 +
| src/server/game/AI/NpcBots/botdpstracker.h         |    42 +
| src/server/game/AI/NpcBots/botdump.cpp             |   938 +
| src/server/game/AI/NpcBots/botdump.h               |    50 +
| src/server/game/AI/NpcBots/botgiver.cpp            |   270 +
| src/server/game/AI/NpcBots/botmgr.cpp              |  1633 ++
| src/server/game/AI/NpcBots/botmgr.h                |   224 +
| src/server/game/AI/NpcBots/botspell.h              |   246 +
| src/server/game/AI/NpcBots/bpet_ai.cpp             |  2445 +++
| src/server/game/AI/NpcBots/bpet_ai.h               |   176 +
| src/server/game/AI/NpcBots/bpet_archmage.cpp       |   141 +
| src/server/game/AI/NpcBots/bpet_dark_ranger.cpp    |   214 +
| src/server/game/AI/NpcBots/bpet_death_knight.cpp   |   191 +
| src/server/game/AI/NpcBots/bpet_dreadlord.cpp      |   164 +
| src/server/game/AI/NpcBots/bpet_druid.cpp          |   146 +
| src/server/game/AI/NpcBots/bpet_hunter.cpp         |  1000 +
| src/server/game/AI/NpcBots/bpet_mage.cpp           |   177 +
| src/server/game/AI/NpcBots/bpet_necromancer.cpp    |   193 +
| src/server/game/AI/NpcBots/bpet_priest.cpp         |   172 +
| src/server/game/AI/NpcBots/bpet_sea_witch.cpp      |   250 +
| src/server/game/AI/NpcBots/bpet_shaman.cpp         |   191 +
| src/server/game/AI/NpcBots/bpet_warlock.cpp        |   409 +
| src/server/game/AI/SmartScripts/SmartScript.cpp    |     3 +
| src/server/game/Accounts/RBAC.h                    |    38 +
| src/server/game/Combat/CombatManager.cpp           |    37 +
| src/server/game/Combat/ThreatManager.cpp           |    14 +
| src/server/game/Conditions/ConditionMgr.cpp        |    49 +
| src/server/game/DataStores/DBCStores.cpp           |     4 +-
| src/server/game/DataStores/DBCStores.h             |     2 +-
| src/server/game/DungeonFinding/LFGMgr.cpp          |   180 +
| src/server/game/DungeonFinding/LFGScripts.cpp      |     1 +
| src/server/game/Entities/Creature/Creature.cpp     |   453 +
| src/server/game/Entities/Creature/Creature.h       |    79 +
| src/server/game/Entities/Creature/CreatureData.h   |     6 +-
| .../game/Entities/Creature/TemporarySummon.cpp     |    32 +
| .../Entities/Creature/enuminfo_CreatureData.cpp    |    12 +-
| src/server/game/Entities/Object/Object.cpp         |    85 +-
| src/server/game/Entities/Player/KillRewarder.cpp   |    15 +
| src/server/game/Entities/Player/Player.cpp         |   161 +
| src/server/game/Entities/Player/Player.h           |    25 +
| src/server/game/Entities/Totem/Totem.cpp           |    26 +
| src/server/game/Entities/Unit/StatSystem.cpp       |    46 +-
| src/server/game/Entities/Unit/Unit.cpp             |   623 +
| src/server/game/Entities/Unit/Unit.h               |    10 +-
| src/server/game/Entities/Vehicle/Vehicle.cpp       |    34 +
| src/server/game/Globals/ObjectMgr.cpp              |    81 +
| src/server/game/Globals/ObjectMgr.h                |    21 +
| src/server/game/Grids/Notifiers/GridNotifiers.h    |     4 +
| src/server/game/Groups/Group.cpp                   |    65 +
| src/server/game/Groups/Group.h                     |     4 +
| src/server/game/Handlers/ItemHandler.cpp           |    13 +
| src/server/game/Handlers/SpellHandler.cpp          |   109 +
| src/server/game/Instances/InstanceScript.cpp       |    40 +
| src/server/game/Instances/InstanceScript.h         |     7 +
| src/server/game/Maps/Map.cpp                       |    41 +
| src/server/game/Maps/MapManager.cpp                |     8 +
| src/server/game/Movement/MotionMaster.cpp          |    20 +
| src/server/game/OutdoorPvP/OutdoorPvP.cpp          |    17 +
| src/server/game/Scripting/ScriptMgr.cpp            |     8 +
| src/server/game/Scripting/ScriptMgr.h              |     2 +
| src/server/game/Server/WorldSession.cpp            |    18 +
| src/server/game/Spells/Auras/SpellAuraEffects.cpp  |    72 +
| src/server/game/Spells/Auras/SpellAuras.cpp        |    23 +
| src/server/game/Spells/Spell.cpp                   |   144 +
| src/server/game/Spells/Spell.h                     |     3 +
| src/server/game/Spells/SpellEffects.cpp            |   159 +
| src/server/game/Spells/SpellInfo.cpp               |    51 +
| src/server/scripts/Commands/cs_npc.cpp             |    31 +
| .../CavernsOfTime/BattleForMountHyjal/hyjalAI.cpp  |     5 +
| .../BattleForMountHyjal/hyjal_trash.cpp            |     8 +
| .../IcecrownCitadel/instance_icecrown_citadel.cpp  |    21 +
| .../Northrend/Naxxramas/boss_four_horsemen.cpp     |     4 +-
| .../Outland/BlackTemple/boss_warlord_najentus.cpp  |    17 +
| src/server/scripts/Spells/spell_dk.cpp             |    17 +
| src/server/scripts/Spells/spell_druid.cpp          |    66 +
| src/server/scripts/Spells/spell_generic.cpp        |    37 +
| src/server/scripts/Spells/spell_hunter.cpp         |    16 +
| src/server/scripts/Spells/spell_mage.cpp           |     6 +
| src/server/scripts/Spells/spell_paladin.cpp        |    64 +
| src/server/scripts/Spells/spell_priest.cpp         |    10 +
| src/server/scripts/Spells/spell_rogue.cpp          |    56 +
| src/server/scripts/Spells/spell_shaman.cpp         |   127 +
| src/server/scripts/Spells/spell_warrior.cpp        |    10 +
| src/server/shared/DataStores/DBCStructure.h        |     9 +-
| src/server/shared/DataStores/DBCfmt.h              |     2 +-
| src/server/shared/SharedDefines.h                  |     7 +
| src/server/worldserver/worldserver.conf.dist       |   285 +
| 179 files changed, 69321 insertions(+), 75 deletions(-)
| create mode 100644 sql/Bots/1_world_bot_appearance.sql
| create mode 100644 sql/Bots/2_world_bot_extras.sql
| create mode 100644 sql/Bots/3_world_bots.sql
| create mode 100644 sql/Bots/4_world_generate_bot_equips.sql
| create mode 100644 sql/Bots/5_world_botgiver.sql
| create mode 100644 sql/Bots/characters_bots.sql
| create mode 100644 sql/Bots/locales/zhCN/npc_text_locale.sql
| create mode 100644 sql/Bots/locales/zhTW/npc_text_locale.sql
| create mode 100644 sql/Bots/merge_sqls_auth_unix.sh
| create mode 100644 sql/Bots/merge_sqls_auth_windows.bat
| create mode 100644 sql/Bots/merge_sqls_characters_unix.sh
| create mode 100644 sql/Bots/merge_sqls_characters_windows.bat
| create mode 100644 sql/Bots/merge_sqls_world_unix.sh
| create mode 100644 sql/Bots/merge_sqls_world_windows.bat
| create mode 100644 sql/Bots/updates/auth/2021_09_14_00_rbac_permissions.sql
| create mode 100644 sql/Bots/updates/auth/2021_09_14_01_rbac_linked_permissions.sql
| create mode 100644 sql/Bots/updates/auth/2021_12_29_00_rbac_permissions.sql
| create mode 100644 sql/Bots/updates/auth/2021_12_29_01_rbac_linked_permissions.sql
| create mode 100644 sql/Bots/updates/auth/2022_06_24_00_rbac_permissions.sql
| create mode 100644 sql/Bots/updates/auth/2022_06_24_01_rbac_linked_permissions.sql
| create mode 100644 sql/Bots/updates/auth/2022_07_04_00_rbac_permissions.sql
| create mode 100644 sql/Bots/updates/auth/2022_07_04_01_rbac_linked_permissions.sql
| create mode 100644 sql/Bots/updates/characters/2020_05_15_characters_npcbot_NPCBots_4.7.8a-4.7.27a.sql
| create mode 100644 sql/Bots/updates/characters/2020_06_21_characters_npcbot_43fceb98.sql
| create mode 100644 sql/Bots/updates/characters/2020_10_08_characters_npcbot_NPCBots_4.7.34a-4.7.39a.sql
| create mode 100644 sql/Bots/updates/characters/2021_01_04_characters_npcbot.sql
| create mode 100644 sql/Bots/updates/characters/2021_01_24_characters_npcbot_stats.sql
| create mode 100644 sql/Bots/updates/characters/2021_08_27_characters_npcbot.sql
| create mode 100644 sql/Bots/updates/world/2020_07_08_creature_template_npcbot_extras.sql
| create mode 100644 sql/Bots/updates/world/2020_09_25_creature_template.sql
| create mode 100644 sql/Bots/updates/world/2020_10_14_creature_classlevelstats.sql
| create mode 100644 sql/Bots/updates/world/2020_10_14_creature_template.sql
| create mode 100644 sql/Bots/updates/world/2020_10_15_creature_template.sql
| create mode 100644 sql/Bots/updates/world/2020_11_07_npc_text.sql
| create mode 100644 sql/Bots/updates/world/2020_12_11_npc_text.sql
| create mode 100644 sql/Bots/updates/world/2021_01_04_npc_text.sql
| create mode 100644 sql/Bots/updates/world/2021_01_05_npc_text.sql
| create mode 100644 sql/Bots/updates/world/2021_01_08_npc_text.sql
| create mode 100644 sql/Bots/updates/world/2021_02_01_npc_text.sql
| create mode 100644 sql/Bots/updates/world/2021_03_29_npc_text.sql
| create mode 100644 sql/Bots/updates/world/2021_08_20_creature_template_npcbot_extras.sql
| create mode 100644 sql/Bots/updates/world/2021_08_27_npc_text.sql
| create mode 100644 sql/Bots/updates/world/2021_10_12_creature_template.sql
| create mode 100644 sql/Bots/updates/world/2022_01_02_00_creature_template_npcbot_extras.sql
| create mode 100644 sql/Bots/updates/world/2022_01_02_01_generate_equips_necromancer.sql
| create mode 100644 sql/Bots/updates/world/2022_01_02_02_creature_template.sql
| create mode 100644 sql/Bots/updates/world/2022_01_02_03_npc_text.sql
| create mode 100644 sql/Bots/updates/world/2022_01_31_npc_text.sql
| create mode 100644 sql/Bots/updates/world/2022_06_15_00_creature_template_npcbot_extras.sql
| create mode 100644 sql/Bots/updates/world/2022_06_17_npc_text.sql
| create mode 100644 sql/Bots/updates/world/2022_06_22_00_creature_template_npcbot_extras.sql
| create mode 100644 sql/Bots/updates/world/2022_06_22_01_generate_equips_sea_witch.sql
| create mode 100644 sql/Bots/updates/world/2022_06_22_02_creature_template.sql
| create mode 100644 sql/Bots/updates/world/2022_06_22_03_npc_text.sql
| create mode 100644 sql/Bots/updates/world/2022_06_23_00_command.sql
| create mode 100644 sql/Bots/updates/world/2022_06_24_00_npc_text.sql
| create mode 100644 sql/Bots/updates/world/2022_06_24_01_npc_text.sql
| create mode 100644 sql/Bots/updates/world/2022_06_24_02_command.sql
| create mode 100644 sql/Bots/updates/world/2022_07_04_00_command.sql
| create mode 100644 sql/Bots/updates/world/2022_07_25_00_npc_text.sql
| create mode 100644 src/server/game/AI/NpcBots/bot_Events.h
| create mode 100644 src/server/game/AI/NpcBots/bot_GridNotifiers.h
| create mode 100644 src/server/game/AI/NpcBots/bot_ai.cpp
| create mode 100644 src/server/game/AI/NpcBots/bot_ai.h
| create mode 100644 src/server/game/AI/NpcBots/bot_archmage_ai.cpp
| create mode 100644 src/server/game/AI/NpcBots/bot_bm_ai.cpp
| create mode 100644 src/server/game/AI/NpcBots/bot_dark_ranger_ai.cpp
| create mode 100644 src/server/game/AI/NpcBots/bot_death_knight_ai.cpp
| create mode 100644 src/server/game/AI/NpcBots/bot_dreadlord_ai.cpp
| create mode 100644 src/server/game/AI/NpcBots/bot_druid_ai.cpp
| create mode 100644 src/server/game/AI/NpcBots/bot_hunter_ai.cpp
| create mode 100644 src/server/game/AI/NpcBots/bot_mage_ai.cpp
| create mode 100644 src/server/game/AI/NpcBots/bot_necromancer_ai.cpp
| create mode 100644 src/server/game/AI/NpcBots/bot_paladin_ai.cpp
| create mode 100644 src/server/game/AI/NpcBots/bot_priest_ai.cpp
| create mode 100644 src/server/game/AI/NpcBots/bot_rogue_ai.cpp
| create mode 100644 src/server/game/AI/NpcBots/bot_sea_witch_ai.cpp
| create mode 100644 src/server/game/AI/NpcBots/bot_shaman_ai.cpp
| create mode 100644 src/server/game/AI/NpcBots/bot_spellbreaker_ai.cpp
| create mode 100644 src/server/game/AI/NpcBots/bot_sphynx_ai.cpp
| create mode 100644 src/server/game/AI/NpcBots/bot_warlock_ai.cpp
| create mode 100644 src/server/game/AI/NpcBots/bot_warrior_ai.cpp
| create mode 100644 src/server/game/AI/NpcBots/botcommands.cpp
| create mode 100644 src/server/game/AI/NpcBots/botcommon.h
| create mode 100644 src/server/game/AI/NpcBots/botdatamgr.cpp
| create mode 100644 src/server/game/AI/NpcBots/botdatamgr.h
| create mode 100644 src/server/game/AI/NpcBots/botdpstracker.cpp
| create mode 100644 src/server/game/AI/NpcBots/botdpstracker.h
| create mode 100644 src/server/game/AI/NpcBots/botdump.cpp
| create mode 100644 src/server/game/AI/NpcBots/botdump.h
| create mode 100644 src/server/game/AI/NpcBots/botgiver.cpp
| create mode 100644 src/server/game/AI/NpcBots/botmgr.cpp
| create mode 100644 src/server/game/AI/NpcBots/botmgr.h
| create mode 100644 src/server/game/AI/NpcBots/botspell.h
| create mode 100644 src/server/game/AI/NpcBots/bpet_ai.cpp
| create mode 100644 src/server/game/AI/NpcBots/bpet_ai.h
| create mode 100644 src/server/game/AI/NpcBots/bpet_archmage.cpp
| create mode 100644 src/server/game/AI/NpcBots/bpet_dark_ranger.cpp
| create mode 100644 src/server/game/AI/NpcBots/bpet_death_knight.cpp
| create mode 100644 src/server/game/AI/NpcBots/bpet_dreadlord.cpp
| create mode 100644 src/server/game/AI/NpcBots/bpet_druid.cpp
| create mode 100644 src/server/game/AI/NpcBots/bpet_hunter.cpp
| create mode 100644 src/server/game/AI/NpcBots/bpet_mage.cpp
| create mode 100644 src/server/game/AI/NpcBots/bpet_necromancer.cpp
| create mode 100644 src/server/game/AI/NpcBots/bpet_priest.cpp
| create mode 100644 src/server/game/AI/NpcBots/bpet_sea_witch.cpp
| create mode 100644 src/server/game/AI/NpcBots/bpet_shaman.cpp
| create mode 100644 src/server/game/AI/NpcBots/bpet_warlock.cpp
|
|diff --git a/.circleci/config.yml b/.circleci/config.yml
|index 24f041dc8..23b1f5c37 100644
|--- a/.circleci/config.yml
|+++ b/.circleci/config.yml
--------------------------
File to patch:
Skip this patch? [y] y
Skipping patch.
2 out of 2 hunks ignored
can't find file to patch at input line 339
Perhaps you used the wrong -p or --strip option?
The text leading up to this was:
--------------------------
|diff --git a/README.md b/README.md
|index 34f3a7492..6dc890f42 100644
|--- a/README.md
|+++ b/README.md
--------------------------
File to patch: \.github/README.md
thub/README.md: No such file or directory
Skip this patch? [y] n
File to patch: .github/README.md
patching file .github/README.md
Hunk #1 FAILED at 1.
Hunk #2 FAILED at 19.
Hunk #3 FAILED at 36.
Hunk #4 FAILED at 73.
4 out of 4 hunks FAILED -- saving rejects to file .github/README.md.rej
patching file sql/Bots/1_world_bot_appearance.sql
patching file sql/Bots/2_world_bot_extras.sql
patching file sql/Bots/3_world_bots.sql
patching file sql/Bots/4_world_generate_bot_equips.sql
patching file sql/Bots/5_world_botgiver.sql
patching file sql/Bots/characters_bots.sql
patching file sql/Bots/locales/zhCN/npc_text_locale.sql
patching file sql/Bots/locales/zhTW/npc_text_locale.sql
patching file sql/Bots/merge_sqls_auth_unix.sh
patching file sql/Bots/merge_sqls_auth_windows.bat
patching file sql/Bots/merge_sqls_characters_unix.sh
patching file sql/Bots/merge_sqls_characters_windows.bat
patching file sql/Bots/merge_sqls_world_unix.sh
patching file sql/Bots/merge_sqls_world_windows.bat
patching file sql/Bots/updates/auth/2021_09_14_00_rbac_permissions.sql
patching file sql/Bots/updates/auth/2021_09_14_01_rbac_linked_permissions.sql
patching file sql/Bots/updates/auth/2021_12_29_00_rbac_permissions.sql
patching file sql/Bots/updates/auth/2021_12_29_01_rbac_linked_permissions.sql
patching file sql/Bots/updates/auth/2022_06_24_00_rbac_permissions.sql
patching file sql/Bots/updates/auth/2022_06_24_01_rbac_linked_permissions.sql
patching file sql/Bots/updates/auth/2022_07_04_00_rbac_permissions.sql
patching file sql/Bots/updates/auth/2022_07_04_01_rbac_linked_permissions.sql
patching file sql/Bots/updates/characters/2020_05_15_characters_npcbot_NPCBots_4.7.8a-4.7.27a.sql
patching file sql/Bots/updates/characters/2020_06_21_characters_npcbot_43fceb98.sql
patching file sql/Bots/updates/characters/2020_10_08_characters_npcbot_NPCBots_4.7.34a-4.7.39a.sql
patching file sql/Bots/updates/characters/2021_01_04_characters_npcbot.sql
patching file sql/Bots/updates/characters/2021_01_24_characters_npcbot_stats.sql
patching file sql/Bots/updates/characters/2021_08_27_characters_npcbot.sql
patching file sql/Bots/updates/world/2020_07_08_creature_template_npcbot_extras.sql
patching file sql/Bots/updates/world/2020_09_25_creature_template.sql
patching file sql/Bots/updates/world/2020_10_14_creature_classlevelstats.sql
patching file sql/Bots/updates/world/2020_10_14_creature_template.sql
patching file sql/Bots/updates/world/2020_10_15_creature_template.sql
patching file sql/Bots/updates/world/2020_11_07_npc_text.sql
patching file sql/Bots/updates/world/2020_12_11_npc_text.sql
patching file sql/Bots/updates/world/2021_01_04_npc_text.sql
patching file sql/Bots/updates/world/2021_01_05_npc_text.sql
patching file sql/Bots/updates/world/2021_01_08_npc_text.sql
patching file sql/Bots/updates/world/2021_02_01_npc_text.sql
patching file sql/Bots/updates/world/2021_03_29_npc_text.sql
patching file sql/Bots/updates/world/2021_08_20_creature_template_npcbot_extras.sql
patching file sql/Bots/updates/world/2021_08_27_npc_text.sql
patching file sql/Bots/updates/world/2021_10_12_creature_template.sql
patching file sql/Bots/updates/world/2022_01_02_00_creature_template_npcbot_extras.sql
patching file sql/Bots/updates/world/2022_01_02_01_generate_equips_necromancer.sql
patching file sql/Bots/updates/world/2022_01_02_02_creature_template.sql
patching file sql/Bots/updates/world/2022_01_02_03_npc_text.sql
patching file sql/Bots/updates/world/2022_01_31_npc_text.sql
patching file sql/Bots/updates/world/2022_06_15_00_creature_template_npcbot_extras.sql
patching file sql/Bots/updates/world/2022_06_17_npc_text.sql
patching file sql/Bots/updates/world/2022_06_22_00_creature_template_npcbot_extras.sql
patching file sql/Bots/updates/world/2022_06_22_01_generate_equips_sea_witch.sql
patching file sql/Bots/updates/world/2022_06_22_02_creature_template.sql
patching file sql/Bots/updates/world/2022_06_22_03_npc_text.sql
patching file sql/Bots/updates/world/2022_06_23_00_command.sql
patching file sql/Bots/updates/world/2022_06_24_00_npc_text.sql
patching file sql/Bots/updates/world/2022_06_24_01_npc_text.sql
patching file sql/Bots/updates/world/2022_06_24_02_command.sql
patching file sql/Bots/updates/world/2022_07_04_00_command.sql
patching file sql/Bots/updates/world/2022_07_25_00_npc_text.sql
patching file src/common/Utilities/EventProcessor.h
patching file src/server/database/Database/Implementation/CharacterDatabase.cpp
Hunk #1 FAILED at 594.
1 out of 1 hunk FAILED -- saving rejects to file src/server/database/Database/Implementation/CharacterDatabase.cpp.rej
patching file src/server/database/Database/Implementation/CharacterDatabase.h
Hunk #1 succeeded at 521 with fuzz 2 (offset 11 lines).
patching file src/server/game/AI/CoreAI/UnitAI.cpp
Hunk #1 FAILED at 268.
1 out of 1 hunk FAILED -- saving rejects to file src/server/game/AI/CoreAI/UnitAI.cpp.rej
patching file src/server/game/AI/NpcBots/bot_Events.h
patching file src/server/game/AI/NpcBots/bot_GridNotifiers.h
patching file src/server/game/AI/NpcBots/bot_ai.cpp
patching file src/server/game/AI/NpcBots/bot_ai.h
patching file src/server/game/AI/NpcBots/bot_archmage_ai.cpp
patching file src/server/game/AI/NpcBots/bot_bm_ai.cpp
patching file src/server/game/AI/NpcBots/bot_dark_ranger_ai.cpp
patching file src/server/game/AI/NpcBots/bot_death_knight_ai.cpp
patching file src/server/game/AI/NpcBots/bot_dreadlord_ai.cpp
patching file src/server/game/AI/NpcBots/bot_druid_ai.cpp
patching file src/server/game/AI/NpcBots/bot_hunter_ai.cpp
patching file src/server/game/AI/NpcBots/bot_mage_ai.cpp
patching file src/server/game/AI/NpcBots/bot_necromancer_ai.cpp
patching file src/server/game/AI/NpcBots/bot_paladin_ai.cpp
patching file src/server/game/AI/NpcBots/bot_priest_ai.cpp
patching file src/server/game/AI/NpcBots/bot_rogue_ai.cpp
patching file src/server/game/AI/NpcBots/bot_sea_witch_ai.cpp
patching file src/server/game/AI/NpcBots/bot_shaman_ai.cpp
patching file src/server/game/AI/NpcBots/bot_spellbreaker_ai.cpp
patching file src/server/game/AI/NpcBots/bot_sphynx_ai.cpp
patching file src/server/game/AI/NpcBots/bot_warlock_ai.cpp
patching file src/server/game/AI/NpcBots/bot_warrior_ai.cpp
patching file src/server/game/AI/NpcBots/botcommands.cpp
patching file src/server/game/AI/NpcBots/botcommon.h
patching file src/server/game/AI/NpcBots/botdatamgr.cpp
patching file src/server/game/AI/NpcBots/botdatamgr.h
patching file src/server/game/AI/NpcBots/botdpstracker.cpp
patching file src/server/game/AI/NpcBots/botdpstracker.h
patching file src/server/game/AI/NpcBots/botdump.cpp
patching file src/server/game/AI/NpcBots/botdump.h
patching file src/server/game/AI/NpcBots/botgiver.cpp
patching file src/server/game/AI/NpcBots/botmgr.cpp
patching file src/server/game/AI/NpcBots/botmgr.h
patching file src/server/game/AI/NpcBots/botspell.h
patching file src/server/game/AI/NpcBots/bpet_ai.cpp
patching file src/server/game/AI/NpcBots/bpet_ai.h
patching file src/server/game/AI/NpcBots/bpet_archmage.cpp
patching file src/server/game/AI/NpcBots/bpet_dark_ranger.cpp
patching file src/server/game/AI/NpcBots/bpet_death_knight.cpp
patching file src/server/game/AI/NpcBots/bpet_dreadlord.cpp
patching file src/server/game/AI/NpcBots/bpet_druid.cpp
patching file src/server/game/AI/NpcBots/bpet_hunter.cpp
patching file src/server/game/AI/NpcBots/bpet_mage.cpp
patching file src/server/game/AI/NpcBots/bpet_necromancer.cpp
patching file src/server/game/AI/NpcBots/bpet_priest.cpp
patching file src/server/game/AI/NpcBots/bpet_sea_witch.cpp
patching file src/server/game/AI/NpcBots/bpet_shaman.cpp
patching file src/server/game/AI/NpcBots/bpet_warlock.cpp
patching file src/server/game/AI/SmartScripts/SmartScript.cpp
Hunk #1 succeeded at 150 (offset -142 lines).
can't find file to patch at input line 66813
Perhaps you used the wrong -p or --strip option?
The text leading up to this was:
--------------------------
|diff --git a/src/server/game/Accounts/RBAC.h b/src/server/game/Accounts/RBAC.h
|index cdca72556..caf02416e 100644
|--- a/src/server/game/Accounts/RBAC.h
|+++ b/src/server/game/Accounts/RBAC.h
--------------------------
File to patch:
Skip this patch? [y]
Skipping patch.
1 out of 1 hunk ignored
: No such file or directory input line 66862
Skip this patch? [y] at/ThreatMr --strip option?
The text leading up to this was:
--------------------------
|diff --git a/src/server/game/Combat/CombatManager.cpp b/src/server/game/Combat/CombatManager.cpp
|index fa297239c..bc5dd2f72 100644
|--- a/src/server/game/Combat/CombatManager.cpp
|+++ b/src/server/game/Combat/CombatManager.cpp
--------------------------
File to patch:
Skip this patch? [y]
Skipping patch.
3 out of 3 hunks ignored
can't find file to patch at input line 66930
Perhaps you used the wrong -p or --strip option?
The text leading up to this was:
--------------------------
|diff --git a/src/serner/game/Combat/ThreatManager.cpp b/src/server/game/Combat/TSkipping patch.p
3 out of 3 hunks ignored8bb 100644
patching file src/server/game/Conditions/ConditionMgr.cpp
Hunk #1 FAILED at 33.e/Combat/ThreatManager.cpp
Hunk #2 FAILED at 147.----
Hunk #3 FAILED at 158.rver/game/Combat/ThreatMgr    .cpp
Hunk #4 FAILED at 167.t/ThreatManagergr: No such file or directory
Hunk #5 FAILED at 176.
Hunk #6 FAILED at 200.rver/game/Combat/ThreatMgr.cpp
Hunk #7 FAILED at 280.
7 out of 7 hunks FAILED -- saving rejects to file src/server/game/Conditions/ConditionMgr.cpp.rej
patching file src/server/game/DataStores/DBCStores.cpp
Reversed (or previously applied) patch detected!  Assume -R? [n]
Apply anyway? [n]
Skipping patch.
2 out of 2 hunks ignored -- saving rejects to file src/server/game/DataStores/DBCStores.cpp.rej
patching file src/server/game/DataStores/DBCStores.h
Hunk #1 FAILED at 145.
1 out of 1 hunk FAILED -- saving rejects to file src/server/game/DataStores/DBCStores.h.rej
patching file src/server/game/DungeonFinding/LFGMgr.cpp
Hunk #1 succeeded at 39 with fuzz 1 (offset -1 lines).
Hunk #2 FAILED at 473.
Hunk #3 FAILED at 570.
Hunk #4 FAILED at 583.
Hunk #5 FAILED at 723.
Hunk #6 FAILED at 974.
Hunk #7 FAILED at 1048.
6 out of 7 hunks FAILED -- saving rejects to file src/server/game/DungeonFinding/LFGMgr.cpp.rej
patching file src/server/game/DungeonFinding/LFGScripts.cpp
Hunk #1 FAILED at 106.
1 out of 1 hunk FAILED -- saving rejects to file src/server/game/DungeonFinding/LFGScripts.cpp.rej
patching file src/server/game/Entities/Creature/Creature.cpp
Hunk #1 succeeded at 60 with fuzz 2 (offset 4 lines).
Hunk #2 FAILED at 274.
Hunk #3 FAILED at 662.
Hunk #4 FAILED at 684.
Hunk #5 succeeded at 674 with fuzz 2 (offset -62 lines).
Hunk #6 succeeded at 701 with fuzz 2 (offset -59 lines).
Hunk #7 succeeded at 716 (offset -59 lines).
Hunk #8 FAILED at 829.
Hunk #9 FAILED at 1016.
Hunk #10 succeeded at 1310 with fuzz 2 (offset 22 lines).
Hunk #11 FAILED at 1671.
Hunk #12 succeeded at 1781 (offset 63 lines).
Hunk #13 succeeded at 1812 with fuzz 2 (offset 63 lines).
Hunk #14 succeeded at 1899 with fuzz 1 (offset -1 lines).
Hunk #15 FAILED at 2018.
Hunk #16 FAILED at 2658.
Hunk #17 FAILED at 3280.
Hunk #18 succeeded at 3735 with fuzz 2 (offset 271 lines).
9 out of 18 hunks FAILED -- saving rejects to file src/server/game/Entities/Creature/Creature.cpp.rej
patching file src/server/game/Entities/Creature/Creature.h
Hunk #1 succeeded at 31 with fuzz 2 (offset 3 lines).
Hunk #2 FAILED at 379.
Hunk #3 FAILED at 433.
2 out of 3 hunks FAILED -- saving rejects to file src/server/game/Entities/Creature/Creature.h.rej
patching file src/server/game/Entities/Creature/CreatureData.h
Hunk #1 FAILED at 204.
Hunk #2 FAILED at 214.
2 out of 2 hunks FAILED -- saving rejects to file src/server/game/Entities/Creature/CreatureData.h.rej
patching file src/server/game/Entities/Creature/TemporarySummon.cpp
Hunk #1 FAILED at 26.
Hunk #2 succeeded at 228 (offset 32 lines).
Hunk #3 succeeded at 300 with fuzz 2 (offset 22 lines).
Hunk #4 FAILED at 341.
2 out of 4 hunks FAILED -- saving rejects to file src/server/game/Entities/Creature/TemporarySummon.cpp.rej
patching file src/server/game/Entities/Creature/enuminfo_CreatureData.cpp
Hunk #1 FAILED at 57.
Hunk #2 FAILED at 101.
Hunk #3 FAILED at 142.
3 out of 3 hunks FAILED -- saving rejects to file src/server/game/Entities/Creature/enuminfo_CreatureData.cpp.rej
patching file src/server/game/Entities/Object/Object.cpp
Hunk #1 succeeded at 1094 (offset 93 lines).
Hunk #2 FAILED at 1650.
Hunk #3 FAILED at 1933.
Hunk #4 FAILED at 1946.
Hunk #5 FAILED at 1957.
Hunk #6 FAILED at 2284.
Hunk #7 FAILED at 2408.
Hunk #8 FAILED at 2433.
Hunk #9 FAILED at 2501.
Hunk #10 FAILED at 2832.
Hunk #11 FAILED at 2861.
Hunk #12 FAILED at 2912.
11 out of 12 hunks FAILED -- saving rejects to file src/server/game/Entities/Object/Object.cpp.rej
patching file src/server/game/Entities/Player/KillRewarder.cpp
Hunk #1 FAILED at 26.
Hunk #2 succeeded at 165 with fuzz 2 (offset 12 lines).
1 out of 2 hunks FAILED -- saving rejects to file src/server/game/Entities/Player/KillRewarder.cpp.rej
patching file src/server/game/Entities/Player/Player.cpp
Hunk #1 FAILED at 104.
Hunk #2 FAILED at 399.
Hunk #3 succeeded at 446 with fuzz 2 (offset 11 lines).
Hunk #4 FAILED at 1354.
Hunk #5 succeeded at 1515 (offset -286 lines).
Hunk #6 succeeded at 1740 with fuzz 1 (offset -261 lines).
Hunk #7 FAILED at 2322.
Hunk #8 succeeded at 2251 (offset -194 lines).
Hunk #9 FAILED at 2531.
Hunk #10 succeeded at 2535 with fuzz 1 (offset -164 lines).
Hunk #11 FAILED at 4444.
Hunk #12 succeeded at 6547 with fuzz 2 (offset -305 lines).
Hunk #13 FAILED at 21792.
Hunk #14 succeeded at 15866 with fuzz 2 (offset -6199 lines).
Hunk #15 FAILED at 23934.
8 out of 15 hunks FAILED -- saving rejects to file src/server/game/Entities/Player/Player.cpp.rej
patching file src/server/game/Entities/Player/Player.h
Hunk #1 succeeded at 65 with fuzz 2 (offset -16 lines).
Hunk #2 FAILED at 2199.
Hunk #3 FAILED at 2454.
2 out of 3 hunks FAILED -- saving rejects to file src/server/game/Entities/Player/Player.h.rej
patching file src/server/game/Entities/Totem/Totem.cpp
Hunk #1 FAILED at 25.
Hunk #2 FAILED at 34.
Hunk #3 succeeded at 154 with fuzz 2 (offset 2 lines).
2 out of 3 hunks FAILED -- saving rejects to file src/server/game/Entities/Totem/Totem.cpp.rej
patching file src/server/game/Entities/Unit/StatSystem.cpp
Hunk #1 FAILED at 1110.
1 out of 1 hunk FAILED -- saving rejects to file src/server/game/Entities/Unit/StatSystem.cpp.rej
patching file src/server/game/Entities/Unit/Unit.cpp
Hunk #1 succeeded at 72 with fuzz 2 (offset -8 lines).
Hunk #2 succeeded at 811 with fuzz 2 (offset 91 lines).
Hunk #3 FAILED at 748.
Hunk #4 succeeded at 1323 with fuzz 2 (offset 292 lines).
Hunk #5 succeeded at 1406 with fuzz 2 (offset 301 lines).
Hunk #6 FAILED at 1260.
Hunk #7 FAILED at 1270.
Hunk #8 succeeded at 1927 with fuzz 2 (offset 366 lines).
Hunk #9 FAILED at 1691.
Hunk #10 FAILED at 1793.
Hunk #11 FAILED at 1944.
Hunk #12 FAILED at 2222.
Hunk #13 FAILED at 2236.
Hunk #14 FAILED at 2272.
Hunk #15 succeeded at 3161 with fuzz 2 (offset 517 lines).
Hunk #16 FAILED at 2670.
Hunk #17 FAILED at 2722.
Hunk #18 succeeded at 3414 with fuzz 2 (offset 666 lines).
Hunk #19 FAILED at 2781.
Hunk #20 FAILED at 2821.
Hunk #21 succeeded at 4768 with fuzz 2 (offset 845 lines).
Hunk #22 succeeded at 5860 with fuzz 1 (offset 687 lines).
Hunk #23 FAILED at 5706.
Hunk #24 FAILED at 5807.
Hunk #25 succeeded at 10820 (offset 4414 lines).
Hunk #26 FAILED at 6439.
Hunk #27 FAILED at 6710.
Hunk #28 FAILED at 7043.
Hunk #29 succeeded at 11615 with fuzz 2 (offset 4536 lines).
Hunk #30 FAILED at 7112.
Hunk #31 FAILED at 7339.
Hunk #32 succeeded at 12230 (offset 4670 lines).
Hunk #33 succeeded at 12379 with fuzz 2 (offset 4674 lines).
Hunk #34 succeeded at 12870 with fuzz 2 (offset 4722 lines).
Hunk #35 succeeded at 13048 with fuzz 1 (offset 4761 lines).
Hunk #36 succeeded at 13141 (offset 4765 lines).
Hunk #37 succeeded at 13800 (offset 5168 lines).
Hunk #38 FAILED at 9016.
Hunk #39 succeeded at 14353 with fuzz 2 (offset 5261 lines).
Hunk #40 succeeded at 15940 (offset 5657 lines).
Hunk #41 succeeded at 15967 with fuzz 1 (offset 5662 lines).
Hunk #42 succeeded at 16724 with fuzz 1 (offset 6030 lines).
Hunk #43 succeeded at 16905 with fuzz 2 (offset 6056 lines).
Hunk #44 FAILED at 11130.
Hunk #45 succeeded at 17703 with fuzz 2 (offset 6392 lines).
Hunk #46 succeeded at 18560 with fuzz 2 (offset 6441 lines).
Hunk #47 succeeded at 18593 with fuzz 2 (offset 6445 lines).
Hunk #48 FAILED at 12186.
Hunk #49 FAILED at 12196.
Hunk #50 FAILED at 12288.
Hunk #51 FAILED at 12370.
Hunk #52 FAILED at 12426.
Hunk #53 succeeded at 19179 with fuzz 1 (offset 6499 lines).
Hunk #54 FAILED at 13547.
28 out of 54 hunks FAILED -- saving rejects to file src/server/game/Entities/Unit/Unit.cpp.rej
patching file src/server/game/Entities/Unit/Unit.h
Hunk #1 succeeded at 395 with fuzz 1 (offset 79 lines).
Hunk #2 FAILED at 1254.
Hunk #3 FAILED at 1827.
2 out of 3 hunks FAILED -- saving rejects to file src/server/game/Entities/Unit/Unit.h.rej
patching file src/server/game/Entities/Vehicle/Vehicle.cpp
Hunk #1 succeeded at 28 with fuzz 2 (offset -5 lines).
Hunk #2 FAILED at 516.
Hunk #3 succeeded at 516 with fuzz 2 (offset -319 lines).
Hunk #4 FAILED at 881.
Hunk #5 FAILED at 891.
3 out of 5 hunks FAILED -- saving rejects to file src/server/game/Entities/Vehicle/Vehicle.cpp.rej
patching file src/server/game/Globals/ObjectMgr.cpp
Hunk #1 succeeded at 1174 with fuzz 1 (offset -17 lines).
Hunk #2 succeeded at 8462 (offset -514 lines).
patching file src/server/game/Globals/ObjectMgr.h
Hunk #1 succeeded at 144 with fuzz 2 (offset -29 lines).
Hunk #2 FAILED at 1241.
Hunk #3 FAILED at 1502.
Hunk #4 FAILED at 1665.
3 out of 4 hunks FAILED -- saving rejects to file src/server/game/Globals/ObjectMgr.h.rej
patching file src/server/game/Grids/Notifiers/GridNotifiers.h
Hunk #1 FAILED at 890.
1 out of 1 hunk FAILED -- saving rejects to file src/server/game/Grids/Notifiers/GridNotifiers.h.rej
patching file src/server/game/Groups/Group.cpp
Hunk #1 succeeded at 121 (offset -42 lines).
Hunk #2 succeeded at 434 (offset 3 lines).
Hunk #3 FAILED at 449.
Hunk #4 FAILED at 473.
Hunk #5 FAILED at 548.
Hunk #6 succeeded at 568 with fuzz 2 (offset -10 lines).
Hunk #7 FAILED at 724.
4 out of 7 hunks FAILED -- saving rejects to file src/server/game/Groups/Group.cpp.rej
patching file src/server/game/Groups/Group.h
Hunk #1 FAILED at 336.
1 out of 1 hunk FAILED -- saving rejects to file src/server/game/Groups/Group.h.rej
patching file src/server/game/Handlers/ItemHandler.cpp
Hunk #1 succeeded at 29 with fuzz 2 (offset -1 lines).
Hunk #2 FAILED at 662.
1 out of 2 hunks FAILED -- saving rejects to file src/server/game/Handlers/ItemHandler.cpp.rej
patching file src/server/game/Handlers/SpellHandler.cpp
Hunk #1 succeeded at 33 with fuzz 2 (offset -6 lines).
Hunk #2 succeeded at 675 (offset 38 lines).
patching file src/server/game/Instances/InstanceScript.cpp
Hunk #1 succeeded at 31 with fuzz 2 (offset -8 lines).
Hunk #2 FAILED at 636.
Hunk #3 FAILED at 671.
Hunk #4 FAILED at 692.
3 out of 4 hunks FAILED -- saving rejects to file src/server/game/Instances/InstanceScript.cpp.rej
patching file src/server/game/Instances/InstanceScript.h
Hunk #1 FAILED at 197.
1 out of 1 hunk FAILED -- saving rejects to file src/server/game/Instances/InstanceScript.h.rej
patching file src/server/game/Maps/Map.cpp
Hunk #1 FAILED at 54.
Hunk #2 succeeded at 2731 with fuzz 2 (offset -911 lines).
Hunk #3 FAILED at 3727.
Hunk #4 FAILED at 3754.
Hunk #5 FAILED at 4453.
4 out of 5 hunks FAILED -- saving rejects to file src/server/game/Maps/Map.cpp.rej
can't find file to patch at input line 70578
Perhaps you used the wrong -p or --strip option?
The text leading up to this was:
--------------------------
|diff --git a/src/server/game/Maps/MapManager.cpp b/src/server/game/Maps/MapManager.cpp
|index f80aded95..82d8fb627 100644
|--- a/src/server/game/Maps/MapManager.cpp
|+++ b/src/server/game/Maps/MapManager.cpp
--------------------------
File to patch: src/server/game/Map/MapMgr.cpp
src/server/game/CombatMap/MapMgr.cpp: No such file or directory
Skip this patch? [y] n
File to patch: src/server/game/Maps/MapMgr.cpp
patching file src/server/game/Maps/MapMgr.cpp
Hunk #1 FAILED at 34.
Hunk #2 succeeded at 59 with fuzz 1 (offset 8 lines).
1 out of 2 hunks FAILED -- saving rejects to file src/server/game/Maps/MapMgr.cpp.rej
patching file src/server/game/Movement/MotionMaster.cpp
Hunk #1 succeeded at 529 with fuzz 1 (offset -290 lines).
patching file src/server/game/OutdoorPvP/OutdoorPvP.cpp
Hunk #1 FAILED at 315.
1 out of 1 hunk FAILED -- saving rejects to file src/server/game/OutdoorPvP/OutdoorPvP.cpp.rej
patching file src/server/game/Scripting/ScriptMgr.cpp
Hunk #1 FAILED at 43.
Hunk #2 FAILED at 1043.
2 out of 2 hunks FAILED -- saving rejects to file src/server/game/Scripting/ScriptMgr.cpp.rej
patching file src/server/game/Scripting/ScriptMgr.h
Hunk #1 FAILED at 90.
1 out of 1 hunk FAILED -- saving rejects to file src/server/game/Scripting/ScriptMgr.h.rej
patching file src/server/game/Server/WorldSession.cpp
Hunk #1 FAILED at 56.
Hunk #2 succeeded at 556 (offset 65 lines).
Hunk #3 FAILED at 1660.
2 out of 3 hunks FAILED -- saving rejects to file src/server/game/Server/WorldSession.cpp.rej
patching file src/server/game/Spells/Auras/SpellAuraEffects.cpp
Hunk #1 FAILED at 1843.
Hunk #2 FAILED at 1878.
Hunk #3 succeeded at 2098 with fuzz 2 (offset 206 lines).
Hunk #4 succeeded at 3040 (offset 264 lines).
Hunk #5 FAILED at 5134.
Hunk #6 FAILED at 5660.
4 out of 6 hunks FAILED -- saving rejects to file src/server/game/Spells/Auras/SpellAuraEffects.cpp.rej
patching file src/server/game/Spells/Auras/SpellAuras.cpp
Hunk #1 succeeded at 567 with fuzz 1 (offset -5 lines).
Hunk #2 FAILED at 604.
Hunk #3 succeeded at 1786 (offset 121 lines).
1 out of 3 hunks FAILED -- saving rejects to file src/server/game/Spells/Auras/SpellAuras.cpp.rej
patching file src/server/game/Spells/Spell.cpp
Hunk #1 FAILED at 62.
Hunk #2 succeeded at 607 with fuzz 2 (offset 76 lines).
Hunk #3 FAILED at 1188.
Hunk #4 FAILED at 1494.
Hunk #5 succeeded at 1823 (offset 262 lines).
Hunk #6 succeeded at 2865 with fuzz 2 (offset 297 lines).
Hunk #7 FAILED at 2611.
Hunk #8 FAILED at 2958.
Hunk #9 FAILED at 3311.
Hunk #10 succeeded at 4067 with fuzz 1 (offset 601 lines).
Hunk #11 FAILED at 3756.
Hunk #12 FAILED at 3933.
Hunk #13 FAILED at 4783.
Hunk #14 succeeded at 5749 with fuzz 2 (offset 607 lines).
Hunk #15 FAILED at 5351.
Hunk #16 FAILED at 5378.
Hunk #17 FAILED at 6116.
Hunk #18 FAILED at 6455.
Hunk #19 FAILED at 7768.
14 out of 19 hunks FAILED -- saving rejects to file src/server/game/Spells/Spell.cpp.rej
patching file src/server/game/Spells/Spell.h
Hunk #1 FAILED at 413.
1 out of 1 hunk FAILED -- saving rejects to file src/server/game/Spells/Spell.h.rej
patching file src/server/game/Spells/SpellEffects.cpp
Hunk #1 FAILED at 500.
Hunk #2 succeeded at 1293 with fuzz 2 (offset 731 lines).
Hunk #3 succeeded at 2646 with fuzz 2 (offset 2022 lines).
Hunk #4 succeeded at 3435 with fuzz 2 (offset 2747 lines).
Hunk #5 FAILED at 814.
Hunk #6 FAILED at 1208.
Hunk #7 FAILED at 3147.
4 out of 7 hunks FAILED -- saving rejects to file src/server/game/Spells/SpellEffects.cpp.rej
patching file src/server/game/Spells/SpellInfo.cpp
Hunk #1 succeeded at 26 with fuzz 2 (offset -5 lines).
Hunk #2 FAILED at 443.
Hunk #3 FAILED at 523.
Hunk #4 succeeded at 557 with fuzz 1 (offset 2 lines).
Hunk #5 FAILED at 1691.
Hunk #6 succeeded at 2468 with fuzz 2 (offset -780 lines).
3 out of 6 hunks FAILED -- saving rejects to file src/server/game/Spells/SpellInfo.cpp.rej
patching file src/server/scripts/Commands/cs_npc.cpp
Hunk #1 succeeded at 213 with fuzz 2 (offset 94 lines).
Hunk #2 FAILED at 311.
Hunk #3 FAILED at 611.
2 out of 3 hunks FAILED -- saving rejects to file src/server/scripts/Commands/cs_npc.cpp.rej
patching file src/server/scripts/Kalimdor/CavernsOfTime/BattleForMountHyjal/hyjalAI.cpp
Hunk #1 succeeded at 985 (offset -10 lines).
patching file src/server/scripts/Kalimdor/CavernsOfTime/BattleForMountHyjal/hyjal_trash.cpp
Hunk #1 FAILED at 194.
1 out of 1 hunk FAILED -- saving rejects to file src/server/scripts/Kalimdor/CavernsOfTime/BattleForMountHyjal/hyjal_trash.cpp.rej
patching file src/server/scripts/Northrend/IcecrownCitadel/instance_icecrown_citadel.cpp
Hunk #1 FAILED at 202.
Hunk #2 FAILED at 210.
2 out of 2 hunks FAILED -- saving rejects to file src/server/scripts/Northrend/IcecrownCitadel/instance_icecrown_citadel.cpp.rej
patching file src/server/scripts/Northrend/Naxxramas/boss_four_horsemen.cpp
Hunk #1 FAILED at 565.
Hunk #2 FAILED at 624.
2 out of 2 hunks FAILED -- saving rejects to file src/server/scripts/Northrend/Naxxramas/boss_four_horsemen.cpp.rej
patching file src/server/scripts/Outland/BlackTemple/boss_warlord_najentus.cpp
Hunk #1 FAILED at 158.
1 out of 1 hunk FAILED -- saving rejects to file src/server/scripts/Outland/BlackTemple/boss_warlord_najentus.cpp.rej
patching file src/server/scripts/Spells/spell_dk.cpp
Hunk #1 FAILED at 360.
Hunk #2 FAILED at 1848.
2 out of 2 hunks FAILED -- saving rejects to file src/server/scripts/Spells/spell_dk.cpp.rej
patching file src/server/scripts/Spells/spell_druid.cpp
Hunk #1 succeeded at 29 with fuzz 1 (offset -2 lines).
Hunk #2 FAILED at 1200.
Hunk #3 succeeded at 782 (offset -427 lines).
Hunk #4 succeeded at 1066 (offset -707 lines).
Hunk #5 FAILED at 1859.
2 out of 5 hunks FAILED -- saving rejects to file src/server/scripts/Spells/spell_druid.cpp.rej
patching file src/server/scripts/Spells/spell_generic.cpp
Hunk #1 succeeded at 3486 (offset 3239 lines).
Hunk #2 FAILED at 273.
Hunk #3 FAILED at 284.
Hunk #4 FAILED at 3636.
Hunk #5 FAILED at 3658.
4 out of 5 hunks FAILED -- saving rejects to file src/server/scripts/Spells/spell_generic.cpp.rej
patching file src/server/scripts/Spells/spell_hunter.cpp
Hunk #1 succeeded at 741 (offset -381 lines).
patching file src/server/scripts/Spells/spell_mage.cpp
Hunk #1 FAILED at 1161.
1 out of 1 hunk FAILED -- saving rejects to file src/server/scripts/Spells/spell_mage.cpp.rej
patching file src/server/scripts/Spells/spell_paladin.cpp
Hunk #1 succeeded at 29 with fuzz 2 (offset -3 lines).
Hunk #2 FAILED at 168.
Hunk #3 succeeded at 332 with fuzz 2 (offset 150 lines).
Hunk #4 succeeded at 542 (offset 46 lines).
Hunk #5 succeeded at 1038 (offset -490 lines).
1 out of 5 hunks FAILED -- saving rejects to file src/server/scripts/Spells/spell_paladin.cpp.rej
patching file src/server/scripts/Spells/spell_priest.cpp
Hunk #1 succeeded at 551 (offset -236 lines).
Hunk #2 FAILED at 832.
Hunk #3 succeeded at 784 (offset -220 lines).
1 out of 3 hunks FAILED -- saving rejects to file src/server/scripts/Spells/spell_priest.cpp.rej
patching file src/server/scripts/Spells/spell_rogue.cpp
Hunk #1 succeeded at 28 (offset -5 lines).
Hunk #2 FAILED at 114.
Hunk #3 succeeded at 168 with fuzz 2 (offset 43 lines).
Hunk #4 FAILED at 588.
Hunk #5 FAILED at 607.
Hunk #6 FAILED at 727.
Hunk #7 FAILED at 927.
5 out of 7 hunks FAILED -- saving rejects to file src/server/scripts/Spells/spell_rogue.cpp.rej

!!!!!!!!!!!!!!!

patching file src/server/scripts/Spells/spell_shaman.cpp
Hunk #1 succeeded at 584 (offset 177 lines).
Hunk #2 FAILED at 600.
Hunk #3 FAILED at 623.
Hunk #4 FAILED at 1844.
Hunk #5 FAILED at 1867.
4 out of 5 hunks FAILED -- saving rejects to file src/server/scripts/Spells/spell_shaman.cpp.rej
patching file src/server/scripts/Spells/spell_warrior.cpp
Hunk #1 succeeded at 28 with fuzz 1 (offset -3 lines).
Hunk #2 FAILED at 269.
1 out of 2 hunks FAILED -- saving rejects to file src/server/scripts/Spells/spell_warrior.cpp.rej
patching file src/server/shared/DataStores/DBCStructure.h
Hunk #1 FAILED at 896.
Hunk #2 FAILED at 911.
2 out of 2 hunks FAILED -- saving rejects to file src/server/shared/DataStores/DBCStructure.h.rej
patching file src/server/shared/DataStores/DBCfmt.h
Reversed (or previously applied) patch detected!  Assume -R? [n] n
Apply anyway? [n] y
Hunk #1 FAILED at 76.
1 out of 1 hunk FAILED -- saving rejects to file src/server/shared/DataStores/DBCfmt.h.rej
patching file src/server/shared/SharedDefines.h
Hunk #1 succeeded at 141 with fuzz 1 (offset -53 lines).
can't find file to patch at input line 72467
Perhaps you used the wrong -p or --strip option?
The text leading up to this was:
--------------------------
|diff --git a/src/server/worldserver/worldserver.conf.dist b/src/server/worldserver/worldserver.conf.dist
|index 442681e64..f121626ca 100644
|--- a/src/server/worldserver/worldserver.conf.dist
|+++ b/src/server/worldserver/worldserver.conf.dist
--------------------------
File to patch: src\server\apps\worldserver\worldserver.conf.dist
patching file 'src\server\apps\worldserver\worldserver.conf.dist'
Hunk #1 succeeded at 4078 (offset -69 lines).
