The system is: Linux - 5.0.0-29-generic - x86_64
Compiling the C compiler identification source file "CMakeCCompilerId.c" succeeded.
Compiler: /usr/bin/clang-6.0 
Build flags: 
Id flags:  

The output was:
0


Compilation of the C compiler identification source "CMakeCCompilerId.c" produced "a.out"

The C compiler identification is Clang, found in "/home/cristian/Documents/AzerothCore/azerothcore/cmake-build-release/CMakeFiles/3.14.5/CompilerIdC/a.out"

Compiling the CXX compiler identification source file "CMakeCXXCompilerId.cpp" succeeded.
Compiler: /usr/bin/clang++-6.0 
Build flags: 
Id flags:  

The output was:
0


Compilation of the CXX compiler identification source "CMakeCXXCompilerId.cpp" produced "a.out"

The CXX compiler identification is Clang, found in "/home/cristian/Documents/AzerothCore/azerothcore/cmake-build-release/CMakeFiles/3.14.5/CompilerIdCXX/a.out"

Determining if the C compiler works passed with the following output:
Change Dir: /home/cristian/Documents/AzerothCore/azerothcore/cmake-build-release/CMakeFiles/CMakeTmp

Run Build Command(s):/usr/bin/make cmTC_3571c/fast 
/usr/bin/make -f CMakeFiles/cmTC_3571c.dir/build.make CMakeFiles/cmTC_3571c.dir/build
make[1]: Entering directory '/home/cristian/Documents/AzerothCore/azerothcore/cmake-build-release/CMakeFiles/CMakeTmp'
Building C object CMakeFiles/cmTC_3571c.dir/testCCompiler.c.o
/usr/bin/clang-6.0    -o CMakeFiles/cmTC_3571c.dir/testCCompiler.c.o   -c /home/cristian/Documents/AzerothCore/azerothcore/cmake-build-release/CMakeFiles/CMakeTmp/testCCompiler.c
Linking C executable cmTC_3571c
/home/cristian/Documents/CLion/bin/cmake/linux/bin/cmake -E cmake_link_script CMakeFiles/cmTC_3571c.dir/link.txt --verbose=1
/usr/bin/clang-6.0      -rdynamic CMakeFiles/cmTC_3571c.dir/testCCompiler.c.o  -o cmTC_3571c 
make[1]: Leaving directory '/home/cristian/Documents/AzerothCore/azerothcore/cmake-build-release/CMakeFiles/CMakeTmp'


Detecting C compiler ABI info compiled with the following output:
Change Dir: /home/cristian/Documents/AzerothCore/azerothcore/cmake-build-release/CMakeFiles/CMakeTmp

Run Build Command(s):/usr/bin/make cmTC_524a9/fast 
/usr/bin/make -f CMakeFiles/cmTC_524a9.dir/build.make CMakeFiles/cmTC_524a9.dir/build
make[1]: Entering directory '/home/cristian/Documents/AzerothCore/azerothcore/cmake-build-release/CMakeFiles/CMakeTmp'
Building C object CMakeFiles/cmTC_524a9.dir/CMakeCCompilerABI.c.o
/usr/bin/clang-6.0   -v -o CMakeFiles/cmTC_524a9.dir/CMakeCCompilerABI.c.o   -c /home/cristian/Documents/CLion/bin/cmake/linux/share/cmake-3.14/Modules/CMakeCCompilerABI.c
clang version 6.0.0-1ubuntu2 (tags/RELEASE_600/final)
Target: x86_64-pc-linux-gnu
Thread model: posix
InstalledDir: /usr/bin
Found candidate GCC installation: /usr/bin/../lib/gcc/i686-linux-gnu/8
Found candidate GCC installation: /usr/bin/../lib/gcc/x86_64-linux-gnu/7
Found candidate GCC installation: /usr/bin/../lib/gcc/x86_64-linux-gnu/7.4.0
Found candidate GCC installation: /usr/bin/../lib/gcc/x86_64-linux-gnu/8
Found candidate GCC installation: /usr/lib/gcc/i686-linux-gnu/8
Found candidate GCC installation: /usr/lib/gcc/x86_64-linux-gnu/7
Found candidate GCC installation: /usr/lib/gcc/x86_64-linux-gnu/7.4.0
Found candidate GCC installation: /usr/lib/gcc/x86_64-linux-gnu/8
Selected GCC installation: /usr/bin/../lib/gcc/x86_64-linux-gnu/7.4.0
Candidate multilib: .;@m64
Selected multilib: .;@m64
 "/usr/lib/llvm-6.0/bin/clang" -cc1 -triple x86_64-pc-linux-gnu -emit-obj -mrelax-all -disable-free -disable-llvm-verifier -discard-value-names -main-file-name CMakeCCompilerABI.c -mrelocation-model static -mthread-model posix -mdisable-fp-elim -fmath-errno -masm-verbose -mconstructor-aliases -munwind-tables -fuse-init-array -target-cpu x86-64 -dwarf-column-info -debugger-tuning=gdb -v -coverage-notes-file /home/cristian/Documents/AzerothCore/azerothcore/cmake-build-release/CMakeFiles/CMakeTmp/CMakeFiles/cmTC_524a9.dir/CMakeCCompilerABI.c.gcno -resource-dir /usr/lib/llvm-6.0/lib/clang/6.0.0 -internal-isystem /usr/local/include -internal-isystem /usr/lib/llvm-6.0/lib/clang/6.0.0/include -internal-externc-isystem /usr/include/x86_64-linux-gnu -internal-externc-isystem /include -internal-externc-isystem /usr/include -fdebug-compilation-dir /home/cristian/Documents/AzerothCore/azerothcore/cmake-build-release/CMakeFiles/CMakeTmp -ferror-limit 19 -fmessage-length 0 -fobjc-runtime=gcc -fdiagnostics-show-option -o CMakeFiles/cmTC_524a9.dir/CMakeCCompilerABI.c.o -x c /home/cristian/Documents/CLion/bin/cmake/linux/share/cmake-3.14/Modules/CMakeCCompilerABI.c
clang -cc1 version 6.0.0 based upon LLVM 6.0.0 default target x86_64-pc-linux-gnu
ignoring nonexistent directory "/include"
#include "..." search starts here:
#include <...> search starts here:
 /usr/local/include
 /usr/lib/llvm-6.0/lib/clang/6.0.0/include
 /usr/include/x86_64-linux-gnu
 /usr/include
End of search list.
Linking C executable cmTC_524a9
/home/cristian/Documents/CLion/bin/cmake/linux/bin/cmake -E cmake_link_script CMakeFiles/cmTC_524a9.dir/link.txt --verbose=1
/usr/bin/clang-6.0     -v -rdynamic CMakeFiles/cmTC_524a9.dir/CMakeCCompilerABI.c.o  -o cmTC_524a9 
clang version 6.0.0-1ubuntu2 (tags/RELEASE_600/final)
Target: x86_64-pc-linux-gnu
Thread model: posix
InstalledDir: /usr/bin
Found candidate GCC installation: /usr/bin/../lib/gcc/i686-linux-gnu/8
Found candidate GCC installation: /usr/bin/../lib/gcc/x86_64-linux-gnu/7
Found candidate GCC installation: /usr/bin/../lib/gcc/x86_64-linux-gnu/7.4.0
Found candidate GCC installation: /usr/bin/../lib/gcc/x86_64-linux-gnu/8
Found candidate GCC installation: /usr/lib/gcc/i686-linux-gnu/8
Found candidate GCC installation: /usr/lib/gcc/x86_64-linux-gnu/7
Found candidate GCC installation: /usr/lib/gcc/x86_64-linux-gnu/7.4.0
Found candidate GCC installation: /usr/lib/gcc/x86_64-linux-gnu/8
Selected GCC installation: /usr/bin/../lib/gcc/x86_64-linux-gnu/7.4.0
Candidate multilib: .;@m64
Selected multilib: .;@m64
 "/usr/bin/ld" -export-dynamic -z relro --hash-style=gnu --eh-frame-hdr -m elf_x86_64 -export-dynamic -dynamic-linker /lib64/ld-linux-x86-64.so.2 -o cmTC_524a9 /usr/bin/../lib/gcc/x86_64-linux-gnu/7.4.0/../../../x86_64-linux-gnu/crt1.o /usr/bin/../lib/gcc/x86_64-linux-gnu/7.4.0/../../../x86_64-linux-gnu/crti.o /usr/bin/../lib/gcc/x86_64-linux-gnu/7.4.0/crtbegin.o -L/usr/bin/../lib/gcc/x86_64-linux-gnu/7.4.0 -L/usr/bin/../lib/gcc/x86_64-linux-gnu/7.4.0/../../../x86_64-linux-gnu -L/lib/x86_64-linux-gnu -L/lib/../lib64 -L/usr/lib/x86_64-linux-gnu -L/usr/bin/../lib/gcc/x86_64-linux-gnu/7.4.0/../../.. -L/usr/lib/llvm-6.0/bin/../lib -L/lib -L/usr/lib CMakeFiles/cmTC_524a9.dir/CMakeCCompilerABI.c.o -lgcc --as-needed -lgcc_s --no-as-needed -lc -lgcc --as-needed -lgcc_s --no-as-needed /usr/bin/../lib/gcc/x86_64-linux-gnu/7.4.0/crtend.o /usr/bin/../lib/gcc/x86_64-linux-gnu/7.4.0/../../../x86_64-linux-gnu/crtn.o
make[1]: Leaving directory '/home/cristian/Documents/AzerothCore/azerothcore/cmake-build-release/CMakeFiles/CMakeTmp'


Parsed C implicit include dir info from above output: rv=done
  found start of include info
  found start of implicit include info
    add: [/usr/local/include]
    add: [/usr/lib/llvm-6.0/lib/clang/6.0.0/include]
    add: [/usr/include/x86_64-linux-gnu]
    add: [/usr/include]
  end of search list found
  collapse include dir [/usr/local/include] ==> [/usr/local/include]
  collapse include dir [/usr/lib/llvm-6.0/lib/clang/6.0.0/include] ==> [/usr/lib/llvm-6.0/lib/clang/6.0.0/include]
  collapse include dir [/usr/include/x86_64-linux-gnu] ==> [/usr/include/x86_64-linux-gnu]
  collapse include dir [/usr/include] ==> [/usr/include]
  implicit include dirs: [/usr/local/include;/usr/lib/llvm-6.0/lib/clang/6.0.0/include;/usr/include/x86_64-linux-gnu;/usr/include]


Parsed C implicit link information from above output:
  link line regex: [^( *|.*[/\])(ld|CMAKE_LINK_STARTFILE-NOTFOUND|([^/\]+-)?ld|collect2)[^/\]*( |$)]
  ignore line: [Change Dir: /home/cristian/Documents/AzerothCore/azerothcore/cmake-build-release/CMakeFiles/CMakeTmp]
  ignore line: []
  ignore line: [Run Build Command(s):/usr/bin/make cmTC_524a9/fast ]
  ignore line: [/usr/bin/make -f CMakeFiles/cmTC_524a9.dir/build.make CMakeFiles/cmTC_524a9.dir/build]
  ignore line: [make[1]: Entering directory '/home/cristian/Documents/AzerothCore/azerothcore/cmake-build-release/CMakeFiles/CMakeTmp']
  ignore line: [Building C object CMakeFiles/cmTC_524a9.dir/CMakeCCompilerABI.c.o]
  ignore line: [/usr/bin/clang-6.0   -v -o CMakeFiles/cmTC_524a9.dir/CMakeCCompilerABI.c.o   -c /home/cristian/Documents/CLion/bin/cmake/linux/share/cmake-3.14/Modules/CMakeCCompilerABI.c]
  ignore line: [clang version 6.0.0-1ubuntu2 (tags/RELEASE_600/final)]
  ignore line: [Target: x86_64-pc-linux-gnu]
  ignore line: [Thread model: posix]
  ignore line: [InstalledDir: /usr/bin]
  ignore line: [Found candidate GCC installation: /usr/bin/../lib/gcc/i686-linux-gnu/8]
  ignore line: [Found candidate GCC installation: /usr/bin/../lib/gcc/x86_64-linux-gnu/7]
  ignore line: [Found candidate GCC installation: /usr/bin/../lib/gcc/x86_64-linux-gnu/7.4.0]
  ignore line: [Found candidate GCC installation: /usr/bin/../lib/gcc/x86_64-linux-gnu/8]
  ignore line: [Found candidate GCC installation: /usr/lib/gcc/i686-linux-gnu/8]
  ignore line: [Found candidate GCC installation: /usr/lib/gcc/x86_64-linux-gnu/7]
  ignore line: [Found candidate GCC installation: /usr/lib/gcc/x86_64-linux-gnu/7.4.0]
  ignore line: [Found candidate GCC installation: /usr/lib/gcc/x86_64-linux-gnu/8]
  ignore line: [Selected GCC installation: /usr/bin/../lib/gcc/x86_64-linux-gnu/7.4.0]
  ignore line: [Candidate multilib: .]
  ignore line: [@m64]
  ignore line: [Selected multilib: .]
  ignore line: [@m64]
  ignore line: [ "/usr/lib/llvm-6.0/bin/clang" -cc1 -triple x86_64-pc-linux-gnu -emit-obj -mrelax-all -disable-free -disable-llvm-verifier -discard-value-names -main-file-name CMakeCCompilerABI.c -mrelocation-model static -mthread-model posix -mdisable-fp-elim -fmath-errno -masm-verbose -mconstructor-aliases -munwind-tables -fuse-init-array -target-cpu x86-64 -dwarf-column-info -debugger-tuning=gdb -v -coverage-notes-file /home/cristian/Documents/AzerothCore/azerothcore/cmake-build-release/CMakeFiles/CMakeTmp/CMakeFiles/cmTC_524a9.dir/CMakeCCompilerABI.c.gcno -resource-dir /usr/lib/llvm-6.0/lib/clang/6.0.0 -internal-isystem /usr/local/include -internal-isystem /usr/lib/llvm-6.0/lib/clang/6.0.0/include -internal-externc-isystem /usr/include/x86_64-linux-gnu -internal-externc-isystem /include -internal-externc-isystem /usr/include -fdebug-compilation-dir /home/cristian/Documents/AzerothCore/azerothcore/cmake-build-release/CMakeFiles/CMakeTmp -ferror-limit 19 -fmessage-length 0 -fobjc-runtime=gcc -fdiagnostics-show-option -o CMakeFiles/cmTC_524a9.dir/CMakeCCompilerABI.c.o -x c /home/cristian/Documents/CLion/bin/cmake/linux/share/cmake-3.14/Modules/CMakeCCompilerABI.c]
  ignore line: [clang -cc1 version 6.0.0 based upon LLVM 6.0.0 default target x86_64-pc-linux-gnu]
  ignore line: [ignoring nonexistent directory "/include"]
  ignore line: [#include "..." search starts here:]
  ignore line: [#include <...> search starts here:]
  ignore line: [ /usr/local/include]
  ignore line: [ /usr/lib/llvm-6.0/lib/clang/6.0.0/include]
  ignore line: [ /usr/include/x86_64-linux-gnu]
  ignore line: [ /usr/include]
  ignore line: [End of search list.]
  ignore line: [Linking C executable cmTC_524a9]
  ignore line: [/home/cristian/Documents/CLion/bin/cmake/linux/bin/cmake -E cmake_link_script CMakeFiles/cmTC_524a9.dir/link.txt --verbose=1]
  ignore line: [/usr/bin/clang-6.0     -v -rdynamic CMakeFiles/cmTC_524a9.dir/CMakeCCompilerABI.c.o  -o cmTC_524a9 ]
  ignore line: [clang version 6.0.0-1ubuntu2 (tags/RELEASE_600/final)]
  ignore line: [Target: x86_64-pc-linux-gnu]
  ignore line: [Thread model: posix]
  ignore line: [InstalledDir: /usr/bin]
  ignore line: [Found candidate GCC installation: /usr/bin/../lib/gcc/i686-linux-gnu/8]
  ignore line: [Found candidate GCC installation: /usr/bin/../lib/gcc/x86_64-linux-gnu/7]
  ignore line: [Found candidate GCC installation: /usr/bin/../lib/gcc/x86_64-linux-gnu/7.4.0]
  ignore line: [Found candidate GCC installation: /usr/bin/../lib/gcc/x86_64-linux-gnu/8]
  ignore line: [Found candidate GCC installation: /usr/lib/gcc/i686-linux-gnu/8]
  ignore line: [Found candidate GCC installation: /usr/lib/gcc/x86_64-linux-gnu/7]
  ignore line: [Found candidate GCC installation: /usr/lib/gcc/x86_64-linux-gnu/7.4.0]
  ignore line: [Found candidate GCC installation: /usr/lib/gcc/x86_64-linux-gnu/8]
  ignore line: [Selected GCC installation: /usr/bin/../lib/gcc/x86_64-linux-gnu/7.4.0]
  ignore line: [Candidate multilib: .]
  ignore line: [@m64]
  ignore line: [Selected multilib: .]
  ignore line: [@m64]
  link line: [ "/usr/bin/ld" -export-dynamic -z relro --hash-style=gnu --eh-frame-hdr -m elf_x86_64 -export-dynamic -dynamic-linker /lib64/ld-linux-x86-64.so.2 -o cmTC_524a9 /usr/bin/../lib/gcc/x86_64-linux-gnu/7.4.0/../../../x86_64-linux-gnu/crt1.o /usr/bin/../lib/gcc/x86_64-linux-gnu/7.4.0/../../../x86_64-linux-gnu/crti.o /usr/bin/../lib/gcc/x86_64-linux-gnu/7.4.0/crtbegin.o -L/usr/bin/../lib/gcc/x86_64-linux-gnu/7.4.0 -L/usr/bin/../lib/gcc/x86_64-linux-gnu/7.4.0/../../../x86_64-linux-gnu -L/lib/x86_64-linux-gnu -L/lib/../lib64 -L/usr/lib/x86_64-linux-gnu -L/usr/bin/../lib/gcc/x86_64-linux-gnu/7.4.0/../../.. -L/usr/lib/llvm-6.0/bin/../lib -L/lib -L/usr/lib CMakeFiles/cmTC_524a9.dir/CMakeCCompilerABI.c.o -lgcc --as-needed -lgcc_s --no-as-needed -lc -lgcc --as-needed -lgcc_s --no-as-needed /usr/bin/../lib/gcc/x86_64-linux-gnu/7.4.0/crtend.o /usr/bin/../lib/gcc/x86_64-linux-gnu/7.4.0/../../../x86_64-linux-gnu/crtn.o]
    arg [/usr/bin/ld] ==> ignore
    arg [-export-dynamic] ==> ignore
    arg [-zrelro] ==> ignore
    arg [--hash-style=gnu] ==> ignore
    arg [--eh-frame-hdr] ==> ignore
    arg [-m] ==> ignore
    arg [elf_x86_64] ==> ignore
    arg [-export-dynamic] ==> ignore
    arg [-dynamic-linker] ==> ignore
    arg [/lib64/ld-linux-x86-64.so.2] ==> ignore
    arg [-o] ==> ignore
    arg [cmTC_524a9] ==> ignore
    arg [/usr/bin/../lib/gcc/x86_64-linux-gnu/7.4.0/../../../x86_64-linux-gnu/crt1.o] ==> ignore
    arg [/usr/bin/../lib/gcc/x86_64-linux-gnu/7.4.0/../../../x86_64-linux-gnu/crti.o] ==> ignore
    arg [/usr/bin/../lib/gcc/x86_64-linux-gnu/7.4.0/crtbegin.o] ==> ignore
    arg [-L/usr/bin/../lib/gcc/x86_64-linux-gnu/7.4.0] ==> dir [/usr/bin/../lib/gcc/x86_64-linux-gnu/7.4.0]
    arg [-L/usr/bin/../lib/gcc/x86_64-linux-gnu/7.4.0/../../../x86_64-linux-gnu] ==> dir [/usr/bin/../lib/gcc/x86_64-linux-gnu/7.4.0/../../../x86_64-linux-gnu]
    arg [-L/lib/x86_64-linux-gnu] ==> dir [/lib/x86_64-linux-gnu]
    arg [-L/lib/../lib64] ==> dir [/lib/../lib64]
    arg [-L/usr/lib/x86_64-linux-gnu] ==> dir [/usr/lib/x86_64-linux-gnu]
    arg [-L/usr/bin/../lib/gcc/x86_64-linux-gnu/7.4.0/../../..] ==> dir [/usr/bin/../lib/gcc/x86_64-linux-gnu/7.4.0/../../..]
    arg [-L/usr/lib/llvm-6.0/bin/../lib] ==> dir [/usr/lib/llvm-6.0/bin/../lib]
    arg [-L/lib] ==> dir [/lib]
    arg [-L/usr/lib] ==> dir [/usr/lib]
    arg [CMakeFiles/cmTC_524a9.dir/CMakeCCompilerABI.c.o] ==> ignore
    arg [-lgcc] ==> lib [gcc]
    arg [--as-needed] ==> ignore
    arg [-lgcc_s] ==> lib [gcc_s]
    arg [--no-as-needed] ==> ignore
    arg [-lc] ==> lib [c]
    arg [-lgcc] ==> lib [gcc]
    arg [--as-needed] ==> ignore
    arg [-lgcc_s] ==> lib [gcc_s]
    arg [--no-as-needed] ==> ignore
    arg [/usr/bin/../lib/gcc/x86_64-linux-gnu/7.4.0/crtend.o] ==> ignore
    arg [/usr/bin/../lib/gcc/x86_64-linux-gnu/7.4.0/../../../x86_64-linux-gnu/crtn.o] ==> ignore
  collapse library dir [/usr/bin/../lib/gcc/x86_64-linux-gnu/7.4.0] ==> [/usr/lib/gcc/x86_64-linux-gnu/7.4.0]
  collapse library dir [/usr/bin/../lib/gcc/x86_64-linux-gnu/7.4.0/../../../x86_64-linux-gnu] ==> [/usr/lib/x86_64-linux-gnu]
  collapse library dir [/lib/x86_64-linux-gnu] ==> [/lib/x86_64-linux-gnu]
  collapse library dir [/lib/../lib64] ==> [/lib64]
  collapse library dir [/usr/lib/x86_64-linux-gnu] ==> [/usr/lib/x86_64-linux-gnu]
  collapse library dir [/usr/bin/../lib/gcc/x86_64-linux-gnu/7.4.0/../../..] ==> [/usr/lib]
  collapse library dir [/usr/lib/llvm-6.0/bin/../lib] ==> [/usr/lib/llvm-6.0/lib]
  collapse library dir [/lib] ==> [/lib]
  collapse library dir [/usr/lib] ==> [/usr/lib]
  implicit libs: [gcc;gcc_s;c;gcc;gcc_s]
  implicit dirs: [/usr/lib/gcc/x86_64-linux-gnu/7.4.0;/usr/lib/x86_64-linux-gnu;/lib/x86_64-linux-gnu;/lib64;/usr/lib;/usr/lib/llvm-6.0/lib;/lib]
  implicit fwks: []




Detecting C [-std=c11] compiler features compiled with the following output:
Change Dir: /home/cristian/Documents/AzerothCore/azerothcore/cmake-build-release/CMakeFiles/CMakeTmp

Run Build Command(s):/usr/bin/make cmTC_b31a6/fast 
/usr/bin/make -f CMakeFiles/cmTC_b31a6.dir/build.make CMakeFiles/cmTC_b31a6.dir/build
make[1]: Entering directory '/home/cristian/Documents/AzerothCore/azerothcore/cmake-build-release/CMakeFiles/CMakeTmp'
Building C object CMakeFiles/cmTC_b31a6.dir/feature_tests.c.o
/usr/bin/clang-6.0   -std=c11 -o CMakeFiles/cmTC_b31a6.dir/feature_tests.c.o   -c /home/cristian/Documents/AzerothCore/azerothcore/cmake-build-release/CMakeFiles/feature_tests.c
Linking C executable cmTC_b31a6
/home/cristian/Documents/CLion/bin/cmake/linux/bin/cmake -E cmake_link_script CMakeFiles/cmTC_b31a6.dir/link.txt --verbose=1
/usr/bin/clang-6.0      -rdynamic CMakeFiles/cmTC_b31a6.dir/feature_tests.c.o  -o cmTC_b31a6 
make[1]: Leaving directory '/home/cristian/Documents/AzerothCore/azerothcore/cmake-build-release/CMakeFiles/CMakeTmp'


    Feature record: C_FEATURE:1c_function_prototypes
    Feature record: C_FEATURE:1c_restrict
    Feature record: C_FEATURE:1c_static_assert
    Feature record: C_FEATURE:1c_variadic_macros


Detecting C [-std=c99] compiler features compiled with the following output:
Change Dir: /home/cristian/Documents/AzerothCore/azerothcore/cmake-build-release/CMakeFiles/CMakeTmp

Run Build Command(s):/usr/bin/make cmTC_e72cc/fast 
/usr/bin/make -f CMakeFiles/cmTC_e72cc.dir/build.make CMakeFiles/cmTC_e72cc.dir/build
make[1]: Entering directory '/home/cristian/Documents/AzerothCore/azerothcore/cmake-build-release/CMakeFiles/CMakeTmp'
Building C object CMakeFiles/cmTC_e72cc.dir/feature_tests.c.o
/usr/bin/clang-6.0   -std=c99 -o CMakeFiles/cmTC_e72cc.dir/feature_tests.c.o   -c /home/cristian/Documents/AzerothCore/azerothcore/cmake-build-release/CMakeFiles/feature_tests.c
Linking C executable cmTC_e72cc
/home/cristian/Documents/CLion/bin/cmake/linux/bin/cmake -E cmake_link_script CMakeFiles/cmTC_e72cc.dir/link.txt --verbose=1
/usr/bin/clang-6.0      -rdynamic CMakeFiles/cmTC_e72cc.dir/feature_tests.c.o  -o cmTC_e72cc 
make[1]: Leaving directory '/home/cristian/Documents/AzerothCore/azerothcore/cmake-build-release/CMakeFiles/CMakeTmp'


    Feature record: C_FEATURE:1c_function_prototypes
    Feature record: C_FEATURE:1c_restrict
    Feature record: C_FEATURE:0c_static_assert
    Feature record: C_FEATURE:1c_variadic_macros


Detecting C [-std=c90] compiler features compiled with the following output:
Change Dir: /home/cristian/Documents/AzerothCore/azerothcore/cmake-build-release/CMakeFiles/CMakeTmp

Run Build Command(s):/usr/bin/make cmTC_f0b00/fast 
/usr/bin/make -f CMakeFiles/cmTC_f0b00.dir/build.make CMakeFiles/cmTC_f0b00.dir/build
make[1]: Entering directory '/home/cristian/Documents/AzerothCore/azerothcore/cmake-build-release/CMakeFiles/CMakeTmp'
Building C object CMakeFiles/cmTC_f0b00.dir/feature_tests.c.o
/usr/bin/clang-6.0   -std=c90 -o CMakeFiles/cmTC_f0b00.dir/feature_tests.c.o   -c /home/cristian/Documents/AzerothCore/azerothcore/cmake-build-release/CMakeFiles/feature_tests.c
Linking C executable cmTC_f0b00
/home/cristian/Documents/CLion/bin/cmake/linux/bin/cmake -E cmake_link_script CMakeFiles/cmTC_f0b00.dir/link.txt --verbose=1
/usr/bin/clang-6.0      -rdynamic CMakeFiles/cmTC_f0b00.dir/feature_tests.c.o  -o cmTC_f0b00 
make[1]: Leaving directory '/home/cristian/Documents/AzerothCore/azerothcore/cmake-build-release/CMakeFiles/CMakeTmp'


    Feature record: C_FEATURE:1c_function_prototypes
    Feature record: C_FEATURE:0c_restrict
    Feature record: C_FEATURE:0c_static_assert
    Feature record: C_FEATURE:0c_variadic_macros
Determining if the CXX compiler works passed with the following output:
Change Dir: /home/cristian/Documents/AzerothCore/azerothcore/cmake-build-release/CMakeFiles/CMakeTmp

Run Build Command(s):/usr/bin/make cmTC_d1473/fast 
/usr/bin/make -f CMakeFiles/cmTC_d1473.dir/build.make CMakeFiles/cmTC_d1473.dir/build
make[1]: Entering directory '/home/cristian/Documents/AzerothCore/azerothcore/cmake-build-release/CMakeFiles/CMakeTmp'
Building CXX object CMakeFiles/cmTC_d1473.dir/testCXXCompiler.cxx.o
/usr/bin/clang++-6.0     -o CMakeFiles/cmTC_d1473.dir/testCXXCompiler.cxx.o -c /home/cristian/Documents/AzerothCore/azerothcore/cmake-build-release/CMakeFiles/CMakeTmp/testCXXCompiler.cxx
Linking CXX executable cmTC_d1473
/home/cristian/Documents/CLion/bin/cmake/linux/bin/cmake -E cmake_link_script CMakeFiles/cmTC_d1473.dir/link.txt --verbose=1
/usr/bin/clang++-6.0       -rdynamic CMakeFiles/cmTC_d1473.dir/testCXXCompiler.cxx.o  -o cmTC_d1473 
make[1]: Leaving directory '/home/cristian/Documents/AzerothCore/azerothcore/cmake-build-release/CMakeFiles/CMakeTmp'


Detecting CXX compiler ABI info compiled with the following output:
Change Dir: /home/cristian/Documents/AzerothCore/azerothcore/cmake-build-release/CMakeFiles/CMakeTmp

Run Build Command(s):/usr/bin/make cmTC_8d17d/fast 
/usr/bin/make -f CMakeFiles/cmTC_8d17d.dir/build.make CMakeFiles/cmTC_8d17d.dir/build
make[1]: Entering directory '/home/cristian/Documents/AzerothCore/azerothcore/cmake-build-release/CMakeFiles/CMakeTmp'
Building CXX object CMakeFiles/cmTC_8d17d.dir/CMakeCXXCompilerABI.cpp.o
/usr/bin/clang++-6.0    -v -o CMakeFiles/cmTC_8d17d.dir/CMakeCXXCompilerABI.cpp.o -c /home/cristian/Documents/CLion/bin/cmake/linux/share/cmake-3.14/Modules/CMakeCXXCompilerABI.cpp
clang version 6.0.0-1ubuntu2 (tags/RELEASE_600/final)
Target: x86_64-pc-linux-gnu
Thread model: posix
InstalledDir: /usr/bin
Found candidate GCC installation: /usr/bin/../lib/gcc/i686-linux-gnu/8
Found candidate GCC installation: /usr/bin/../lib/gcc/x86_64-linux-gnu/7
Found candidate GCC installation: /usr/bin/../lib/gcc/x86_64-linux-gnu/7.4.0
Found candidate GCC installation: /usr/bin/../lib/gcc/x86_64-linux-gnu/8
Found candidate GCC installation: /usr/lib/gcc/i686-linux-gnu/8
Found candidate GCC installation: /usr/lib/gcc/x86_64-linux-gnu/7
Found candidate GCC installation: /usr/lib/gcc/x86_64-linux-gnu/7.4.0
Found candidate GCC installation: /usr/lib/gcc/x86_64-linux-gnu/8
Selected GCC installation: /usr/bin/../lib/gcc/x86_64-linux-gnu/7.4.0
Candidate multilib: .;@m64
Selected multilib: .;@m64
 "/usr/lib/llvm-6.0/bin/clang" -cc1 -triple x86_64-pc-linux-gnu -emit-obj -mrelax-all -disable-free -disable-llvm-verifier -discard-value-names -main-file-name CMakeCXXCompilerABI.cpp -mrelocation-model static -mthread-model posix -mdisable-fp-elim -fmath-errno -masm-verbose -mconstructor-aliases -munwind-tables -fuse-init-array -target-cpu x86-64 -dwarf-column-info -debugger-tuning=gdb -v -coverage-notes-file /home/cristian/Documents/AzerothCore/azerothcore/cmake-build-release/CMakeFiles/CMakeTmp/CMakeFiles/cmTC_8d17d.dir/CMakeCXXCompilerABI.cpp.gcno -resource-dir /usr/lib/llvm-6.0/lib/clang/6.0.0 -internal-isystem /usr/bin/../lib/gcc/x86_64-linux-gnu/7.4.0/../../../../include/c++/7.4.0 -internal-isystem /usr/bin/../lib/gcc/x86_64-linux-gnu/7.4.0/../../../../include/x86_64-linux-gnu/c++/7.4.0 -internal-isystem /usr/bin/../lib/gcc/x86_64-linux-gnu/7.4.0/../../../../include/x86_64-linux-gnu/c++/7.4.0 -internal-isystem /usr/bin/../lib/gcc/x86_64-linux-gnu/7.4.0/../../../../include/c++/7.4.0/backward -internal-isystem /usr/include/clang/6.0.0/include/ -internal-isystem /usr/local/include -internal-isystem /usr/lib/llvm-6.0/lib/clang/6.0.0/include -internal-externc-isystem /usr/include/x86_64-linux-gnu -internal-externc-isystem /include -internal-externc-isystem /usr/include -fdeprecated-macro -fdebug-compilation-dir /home/cristian/Documents/AzerothCore/azerothcore/cmake-build-release/CMakeFiles/CMakeTmp -ferror-limit 19 -fmessage-length 0 -fobjc-runtime=gcc -fcxx-exceptions -fexceptions -fdiagnostics-show-option -o CMakeFiles/cmTC_8d17d.dir/CMakeCXXCompilerABI.cpp.o -x c++ /home/cristian/Documents/CLion/bin/cmake/linux/share/cmake-3.14/Modules/CMakeCXXCompilerABI.cpp
clang -cc1 version 6.0.0 based upon LLVM 6.0.0 default target x86_64-pc-linux-gnu
ignoring nonexistent directory "/include"
ignoring duplicate directory "/usr/bin/../lib/gcc/x86_64-linux-gnu/7.4.0/../../../../include/x86_64-linux-gnu/c++/7.4.0"
ignoring duplicate directory "/usr/include/clang/6.0.0/include"
#include "..." search starts here:
#include <...> search starts here:
 /usr/bin/../lib/gcc/x86_64-linux-gnu/7.4.0/../../../../include/c++/7.4.0
 /usr/bin/../lib/gcc/x86_64-linux-gnu/7.4.0/../../../../include/x86_64-linux-gnu/c++/7.4.0
 /usr/bin/../lib/gcc/x86_64-linux-gnu/7.4.0/../../../../include/c++/7.4.0/backward
 /usr/include/clang/6.0.0/include
 /usr/local/include
 /usr/include/x86_64-linux-gnu
 /usr/include
End of search list.
Linking CXX executable cmTC_8d17d
/home/cristian/Documents/CLion/bin/cmake/linux/bin/cmake -E cmake_link_script CMakeFiles/cmTC_8d17d.dir/link.txt --verbose=1
/usr/bin/clang++-6.0      -v -rdynamic CMakeFiles/cmTC_8d17d.dir/CMakeCXXCompilerABI.cpp.o  -o cmTC_8d17d 
clang version 6.0.0-1ubuntu2 (tags/RELEASE_600/final)
Target: x86_64-pc-linux-gnu
Thread model: posix
InstalledDir: /usr/bin
Found candidate GCC installation: /usr/bin/../lib/gcc/i686-linux-gnu/8
Found candidate GCC installation: /usr/bin/../lib/gcc/x86_64-linux-gnu/7
Found candidate GCC installation: /usr/bin/../lib/gcc/x86_64-linux-gnu/7.4.0
Found candidate GCC installation: /usr/bin/../lib/gcc/x86_64-linux-gnu/8
Found candidate GCC installation: /usr/lib/gcc/i686-linux-gnu/8
Found candidate GCC installation: /usr/lib/gcc/x86_64-linux-gnu/7
Found candidate GCC installation: /usr/lib/gcc/x86_64-linux-gnu/7.4.0
Found candidate GCC installation: /usr/lib/gcc/x86_64-linux-gnu/8
Selected GCC installation: /usr/bin/../lib/gcc/x86_64-linux-gnu/7.4.0
Candidate multilib: .;@m64
Selected multilib: .;@m64
 "/usr/bin/ld" -export-dynamic -z relro --hash-style=gnu --eh-frame-hdr -m elf_x86_64 -export-dynamic -dynamic-linker /lib64/ld-linux-x86-64.so.2 -o cmTC_8d17d /usr/bin/../lib/gcc/x86_64-linux-gnu/7.4.0/../../../x86_64-linux-gnu/crt1.o /usr/bin/../lib/gcc/x86_64-linux-gnu/7.4.0/../../../x86_64-linux-gnu/crti.o /usr/bin/../lib/gcc/x86_64-linux-gnu/7.4.0/crtbegin.o -L/usr/bin/../lib/gcc/x86_64-linux-gnu/7.4.0 -L/usr/bin/../lib/gcc/x86_64-linux-gnu/7.4.0/../../../x86_64-linux-gnu -L/lib/x86_64-linux-gnu -L/lib/../lib64 -L/usr/lib/x86_64-linux-gnu -L/usr/bin/../lib/gcc/x86_64-linux-gnu/7.4.0/../../.. -L/usr/lib/llvm-6.0/bin/../lib -L/lib -L/usr/lib CMakeFiles/cmTC_8d17d.dir/CMakeCXXCompilerABI.cpp.o -lstdc++ -lm -lgcc_s -lgcc -lc -lgcc_s -lgcc /usr/bin/../lib/gcc/x86_64-linux-gnu/7.4.0/crtend.o /usr/bin/../lib/gcc/x86_64-linux-gnu/7.4.0/../../../x86_64-linux-gnu/crtn.o
make[1]: Leaving directory '/home/cristian/Documents/AzerothCore/azerothcore/cmake-build-release/CMakeFiles/CMakeTmp'


Parsed CXX implicit include dir info from above output: rv=done
  found start of include info
  found start of implicit include info
    add: [/usr/bin/../lib/gcc/x86_64-linux-gnu/7.4.0/../../../../include/c++/7.4.0]
    add: [/usr/bin/../lib/gcc/x86_64-linux-gnu/7.4.0/../../../../include/x86_64-linux-gnu/c++/7.4.0]
    add: [/usr/bin/../lib/gcc/x86_64-linux-gnu/7.4.0/../../../../include/c++/7.4.0/backward]
    add: [/usr/include/clang/6.0.0/include]
    add: [/usr/local/include]
    add: [/usr/include/x86_64-linux-gnu]
    add: [/usr/include]
  end of search list found
  collapse include dir [/usr/bin/../lib/gcc/x86_64-linux-gnu/7.4.0/../../../../include/c++/7.4.0] ==> [/usr/include/c++/7.4.0]
  collapse include dir [/usr/bin/../lib/gcc/x86_64-linux-gnu/7.4.0/../../../../include/x86_64-linux-gnu/c++/7.4.0] ==> [/usr/include/x86_64-linux-gnu/c++/7.4.0]
  collapse include dir [/usr/bin/../lib/gcc/x86_64-linux-gnu/7.4.0/../../../../include/c++/7.4.0/backward] ==> [/usr/include/c++/7.4.0/backward]
  collapse include dir [/usr/include/clang/6.0.0/include] ==> [/usr/include/clang/6.0.0/include]
  collapse include dir [/usr/local/include] ==> [/usr/local/include]
  collapse include dir [/usr/include/x86_64-linux-gnu] ==> [/usr/include/x86_64-linux-gnu]
  collapse include dir [/usr/include] ==> [/usr/include]
  implicit include dirs: [/usr/include/c++/7.4.0;/usr/include/x86_64-linux-gnu/c++/7.4.0;/usr/include/c++/7.4.0/backward;/usr/include/clang/6.0.0/include;/usr/local/include;/usr/include/x86_64-linux-gnu;/usr/include]


Parsed CXX implicit link information from above output:
  link line regex: [^( *|.*[/\])(ld|CMAKE_LINK_STARTFILE-NOTFOUND|([^/\]+-)?ld|collect2)[^/\]*( |$)]
  ignore line: [Change Dir: /home/cristian/Documents/AzerothCore/azerothcore/cmake-build-release/CMakeFiles/CMakeTmp]
  ignore line: []
  ignore line: [Run Build Command(s):/usr/bin/make cmTC_8d17d/fast ]
  ignore line: [/usr/bin/make -f CMakeFiles/cmTC_8d17d.dir/build.make CMakeFiles/cmTC_8d17d.dir/build]
  ignore line: [make[1]: Entering directory '/home/cristian/Documents/AzerothCore/azerothcore/cmake-build-release/CMakeFiles/CMakeTmp']
  ignore line: [Building CXX object CMakeFiles/cmTC_8d17d.dir/CMakeCXXCompilerABI.cpp.o]
  ignore line: [/usr/bin/clang++-6.0    -v -o CMakeFiles/cmTC_8d17d.dir/CMakeCXXCompilerABI.cpp.o -c /home/cristian/Documents/CLion/bin/cmake/linux/share/cmake-3.14/Modules/CMakeCXXCompilerABI.cpp]
  ignore line: [clang version 6.0.0-1ubuntu2 (tags/RELEASE_600/final)]
  ignore line: [Target: x86_64-pc-linux-gnu]
  ignore line: [Thread model: posix]
  ignore line: [InstalledDir: /usr/bin]
  ignore line: [Found candidate GCC installation: /usr/bin/../lib/gcc/i686-linux-gnu/8]
  ignore line: [Found candidate GCC installation: /usr/bin/../lib/gcc/x86_64-linux-gnu/7]
  ignore line: [Found candidate GCC installation: /usr/bin/../lib/gcc/x86_64-linux-gnu/7.4.0]
  ignore line: [Found candidate GCC installation: /usr/bin/../lib/gcc/x86_64-linux-gnu/8]
  ignore line: [Found candidate GCC installation: /usr/lib/gcc/i686-linux-gnu/8]
  ignore line: [Found candidate GCC installation: /usr/lib/gcc/x86_64-linux-gnu/7]
  ignore line: [Found candidate GCC installation: /usr/lib/gcc/x86_64-linux-gnu/7.4.0]
  ignore line: [Found candidate GCC installation: /usr/lib/gcc/x86_64-linux-gnu/8]
  ignore line: [Selected GCC installation: /usr/bin/../lib/gcc/x86_64-linux-gnu/7.4.0]
  ignore line: [Candidate multilib: .]
  ignore line: [@m64]
  ignore line: [Selected multilib: .]
  ignore line: [@m64]
  ignore line: [ "/usr/lib/llvm-6.0/bin/clang" -cc1 -triple x86_64-pc-linux-gnu -emit-obj -mrelax-all -disable-free -disable-llvm-verifier -discard-value-names -main-file-name CMakeCXXCompilerABI.cpp -mrelocation-model static -mthread-model posix -mdisable-fp-elim -fmath-errno -masm-verbose -mconstructor-aliases -munwind-tables -fuse-init-array -target-cpu x86-64 -dwarf-column-info -debugger-tuning=gdb -v -coverage-notes-file /home/cristian/Documents/AzerothCore/azerothcore/cmake-build-release/CMakeFiles/CMakeTmp/CMakeFiles/cmTC_8d17d.dir/CMakeCXXCompilerABI.cpp.gcno -resource-dir /usr/lib/llvm-6.0/lib/clang/6.0.0 -internal-isystem /usr/bin/../lib/gcc/x86_64-linux-gnu/7.4.0/../../../../include/c++/7.4.0 -internal-isystem /usr/bin/../lib/gcc/x86_64-linux-gnu/7.4.0/../../../../include/x86_64-linux-gnu/c++/7.4.0 -internal-isystem /usr/bin/../lib/gcc/x86_64-linux-gnu/7.4.0/../../../../include/x86_64-linux-gnu/c++/7.4.0 -internal-isystem /usr/bin/../lib/gcc/x86_64-linux-gnu/7.4.0/../../../../include/c++/7.4.0/backward -internal-isystem /usr/include/clang/6.0.0/include/ -internal-isystem /usr/local/include -internal-isystem /usr/lib/llvm-6.0/lib/clang/6.0.0/include -internal-externc-isystem /usr/include/x86_64-linux-gnu -internal-externc-isystem /include -internal-externc-isystem /usr/include -fdeprecated-macro -fdebug-compilation-dir /home/cristian/Documents/AzerothCore/azerothcore/cmake-build-release/CMakeFiles/CMakeTmp -ferror-limit 19 -fmessage-length 0 -fobjc-runtime=gcc -fcxx-exceptions -fexceptions -fdiagnostics-show-option -o CMakeFiles/cmTC_8d17d.dir/CMakeCXXCompilerABI.cpp.o -x c++ /home/cristian/Documents/CLion/bin/cmake/linux/share/cmake-3.14/Modules/CMakeCXXCompilerABI.cpp]
  ignore line: [clang -cc1 version 6.0.0 based upon LLVM 6.0.0 default target x86_64-pc-linux-gnu]
  ignore line: [ignoring nonexistent directory "/include"]
  ignore line: [ignoring duplicate directory "/usr/bin/../lib/gcc/x86_64-linux-gnu/7.4.0/../../../../include/x86_64-linux-gnu/c++/7.4.0"]
  ignore line: [ignoring duplicate directory "/usr/include/clang/6.0.0/include"]
  ignore line: [#include "..." search starts here:]
  ignore line: [#include <...> search starts here:]
  ignore line: [ /usr/bin/../lib/gcc/x86_64-linux-gnu/7.4.0/../../../../include/c++/7.4.0]
  ignore line: [ /usr/bin/../lib/gcc/x86_64-linux-gnu/7.4.0/../../../../include/x86_64-linux-gnu/c++/7.4.0]
  ignore line: [ /usr/bin/../lib/gcc/x86_64-linux-gnu/7.4.0/../../../../include/c++/7.4.0/backward]
  ignore line: [ /usr/include/clang/6.0.0/include]
  ignore line: [ /usr/local/include]
  ignore line: [ /usr/include/x86_64-linux-gnu]
  ignore line: [ /usr/include]
  ignore line: [End of search list.]
  ignore line: [Linking CXX executable cmTC_8d17d]
  ignore line: [/home/cristian/Documents/CLion/bin/cmake/linux/bin/cmake -E cmake_link_script CMakeFiles/cmTC_8d17d.dir/link.txt --verbose=1]
  ignore line: [/usr/bin/clang++-6.0      -v -rdynamic CMakeFiles/cmTC_8d17d.dir/CMakeCXXCompilerABI.cpp.o  -o cmTC_8d17d ]
  ignore line: [clang version 6.0.0-1ubuntu2 (tags/RELEASE_600/final)]
  ignore line: [Target: x86_64-pc-linux-gnu]
  ignore line: [Thread model: posix]
  ignore line: [InstalledDir: /usr/bin]
  ignore line: [Found candidate GCC installation: /usr/bin/../lib/gcc/i686-linux-gnu/8]
  ignore line: [Found candidate GCC installation: /usr/bin/../lib/gcc/x86_64-linux-gnu/7]
  ignore line: [Found candidate GCC installation: /usr/bin/../lib/gcc/x86_64-linux-gnu/7.4.0]
  ignore line: [Found candidate GCC installation: /usr/bin/../lib/gcc/x86_64-linux-gnu/8]
  ignore line: [Found candidate GCC installation: /usr/lib/gcc/i686-linux-gnu/8]
  ignore line: [Found candidate GCC installation: /usr/lib/gcc/x86_64-linux-gnu/7]
  ignore line: [Found candidate GCC installation: /usr/lib/gcc/x86_64-linux-gnu/7.4.0]
  ignore line: [Found candidate GCC installation: /usr/lib/gcc/x86_64-linux-gnu/8]
  ignore line: [Selected GCC installation: /usr/bin/../lib/gcc/x86_64-linux-gnu/7.4.0]
  ignore line: [Candidate multilib: .]
  ignore line: [@m64]
  ignore line: [Selected multilib: .]
  ignore line: [@m64]
  link line: [ "/usr/bin/ld" -export-dynamic -z relro --hash-style=gnu --eh-frame-hdr -m elf_x86_64 -export-dynamic -dynamic-linker /lib64/ld-linux-x86-64.so.2 -o cmTC_8d17d /usr/bin/../lib/gcc/x86_64-linux-gnu/7.4.0/../../../x86_64-linux-gnu/crt1.o /usr/bin/../lib/gcc/x86_64-linux-gnu/7.4.0/../../../x86_64-linux-gnu/crti.o /usr/bin/../lib/gcc/x86_64-linux-gnu/7.4.0/crtbegin.o -L/usr/bin/../lib/gcc/x86_64-linux-gnu/7.4.0 -L/usr/bin/../lib/gcc/x86_64-linux-gnu/7.4.0/../../../x86_64-linux-gnu -L/lib/x86_64-linux-gnu -L/lib/../lib64 -L/usr/lib/x86_64-linux-gnu -L/usr/bin/../lib/gcc/x86_64-linux-gnu/7.4.0/../../.. -L/usr/lib/llvm-6.0/bin/../lib -L/lib -L/usr/lib CMakeFiles/cmTC_8d17d.dir/CMakeCXXCompilerABI.cpp.o -lstdc++ -lm -lgcc_s -lgcc -lc -lgcc_s -lgcc /usr/bin/../lib/gcc/x86_64-linux-gnu/7.4.0/crtend.o /usr/bin/../lib/gcc/x86_64-linux-gnu/7.4.0/../../../x86_64-linux-gnu/crtn.o]
    arg [/usr/bin/ld] ==> ignore
    arg [-export-dynamic] ==> ignore
    arg [-zrelro] ==> ignore
    arg [--hash-style=gnu] ==> ignore
    arg [--eh-frame-hdr] ==> ignore
    arg [-m] ==> ignore
    arg [elf_x86_64] ==> ignore
    arg [-export-dynamic] ==> ignore
    arg [-dynamic-linker] ==> ignore
    arg [/lib64/ld-linux-x86-64.so.2] ==> ignore
    arg [-o] ==> ignore
    arg [cmTC_8d17d] ==> ignore
    arg [/usr/bin/../lib/gcc/x86_64-linux-gnu/7.4.0/../../../x86_64-linux-gnu/crt1.o] ==> ignore
    arg [/usr/bin/../lib/gcc/x86_64-linux-gnu/7.4.0/../../../x86_64-linux-gnu/crti.o] ==> ignore
    arg [/usr/bin/../lib/gcc/x86_64-linux-gnu/7.4.0/crtbegin.o] ==> ignore
    arg [-L/usr/bin/../lib/gcc/x86_64-linux-gnu/7.4.0] ==> dir [/usr/bin/../lib/gcc/x86_64-linux-gnu/7.4.0]
    arg [-L/usr/bin/../lib/gcc/x86_64-linux-gnu/7.4.0/../../../x86_64-linux-gnu] ==> dir [/usr/bin/../lib/gcc/x86_64-linux-gnu/7.4.0/../../../x86_64-linux-gnu]
    arg [-L/lib/x86_64-linux-gnu] ==> dir [/lib/x86_64-linux-gnu]
    arg [-L/lib/../lib64] ==> dir [/lib/../lib64]
    arg [-L/usr/lib/x86_64-linux-gnu] ==> dir [/usr/lib/x86_64-linux-gnu]
    arg [-L/usr/bin/../lib/gcc/x86_64-linux-gnu/7.4.0/../../..] ==> dir [/usr/bin/../lib/gcc/x86_64-linux-gnu/7.4.0/../../..]
    arg [-L/usr/lib/llvm-6.0/bin/../lib] ==> dir [/usr/lib/llvm-6.0/bin/../lib]
    arg [-L/lib] ==> dir [/lib]
    arg [-L/usr/lib] ==> dir [/usr/lib]
    arg [CMakeFiles/cmTC_8d17d.dir/CMakeCXXCompilerABI.cpp.o] ==> ignore
    arg [-lstdc++] ==> lib [stdc++]
    arg [-lm] ==> lib [m]
    arg [-lgcc_s] ==> lib [gcc_s]
    arg [-lgcc] ==> lib [gcc]
    arg [-lc] ==> lib [c]
    arg [-lgcc_s] ==> lib [gcc_s]
    arg [-lgcc] ==> lib [gcc]
    arg [/usr/bin/../lib/gcc/x86_64-linux-gnu/7.4.0/crtend.o] ==> ignore
    arg [/usr/bin/../lib/gcc/x86_64-linux-gnu/7.4.0/../../../x86_64-linux-gnu/crtn.o] ==> ignore
  collapse library dir [/usr/bin/../lib/gcc/x86_64-linux-gnu/7.4.0] ==> [/usr/lib/gcc/x86_64-linux-gnu/7.4.0]
  collapse library dir [/usr/bin/../lib/gcc/x86_64-linux-gnu/7.4.0/../../../x86_64-linux-gnu] ==> [/usr/lib/x86_64-linux-gnu]
  collapse library dir [/lib/x86_64-linux-gnu] ==> [/lib/x86_64-linux-gnu]
  collapse library dir [/lib/../lib64] ==> [/lib64]
  collapse library dir [/usr/lib/x86_64-linux-gnu] ==> [/usr/lib/x86_64-linux-gnu]
  collapse library dir [/usr/bin/../lib/gcc/x86_64-linux-gnu/7.4.0/../../..] ==> [/usr/lib]
  collapse library dir [/usr/lib/llvm-6.0/bin/../lib] ==> [/usr/lib/llvm-6.0/lib]
  collapse library dir [/lib] ==> [/lib]
  collapse library dir [/usr/lib] ==> [/usr/lib]
  implicit libs: [stdc++;m;gcc_s;gcc;c;gcc_s;gcc]
  implicit dirs: [/usr/lib/gcc/x86_64-linux-gnu/7.4.0;/usr/lib/x86_64-linux-gnu;/lib/x86_64-linux-gnu;/lib64;/usr/lib;/usr/lib/llvm-6.0/lib;/lib]
  implicit fwks: []




Detecting CXX [-std=c++2a] compiler features compiled with the following output:
Change Dir: /home/cristian/Documents/AzerothCore/azerothcore/cmake-build-release/CMakeFiles/CMakeTmp

Run Build Command(s):/usr/bin/make cmTC_7a351/fast 
/usr/bin/make -f CMakeFiles/cmTC_7a351.dir/build.make CMakeFiles/cmTC_7a351.dir/build
make[1]: Entering directory '/home/cristian/Documents/AzerothCore/azerothcore/cmake-build-release/CMakeFiles/CMakeTmp'
Building CXX object CMakeFiles/cmTC_7a351.dir/feature_tests.cxx.o
/usr/bin/clang++-6.0    -std=c++2a -o CMakeFiles/cmTC_7a351.dir/feature_tests.cxx.o -c /home/cristian/Documents/AzerothCore/azerothcore/cmake-build-release/CMakeFiles/feature_tests.cxx
Linking CXX executable cmTC_7a351
/home/cristian/Documents/CLion/bin/cmake/linux/bin/cmake -E cmake_link_script CMakeFiles/cmTC_7a351.dir/link.txt --verbose=1
/usr/bin/clang++-6.0       -rdynamic CMakeFiles/cmTC_7a351.dir/feature_tests.cxx.o  -o cmTC_7a351 
make[1]: Leaving directory '/home/cristian/Documents/AzerothCore/azerothcore/cmake-build-release/CMakeFiles/CMakeTmp'


    Feature record: CXX_FEATURE:1cxx_aggregate_default_initializers
    Feature record: CXX_FEATURE:1cxx_alias_templates
    Feature record: CXX_FEATURE:1cxx_alignas
    Feature record: CXX_FEATURE:1cxx_alignof
    Feature record: CXX_FEATURE:1cxx_attributes
    Feature record: CXX_FEATURE:1cxx_attribute_deprecated
    Feature record: CXX_FEATURE:1cxx_auto_type
    Feature record: CXX_FEATURE:1cxx_binary_literals
    Feature record: CXX_FEATURE:1cxx_constexpr
    Feature record: CXX_FEATURE:1cxx_contextual_conversions
    Feature record: CXX_FEATURE:1cxx_decltype
    Feature record: CXX_FEATURE:1cxx_decltype_auto
    Feature record: CXX_FEATURE:1cxx_decltype_incomplete_return_types
    Feature record: CXX_FEATURE:1cxx_default_function_template_args
    Feature record: CXX_FEATURE:1cxx_defaulted_functions
    Feature record: CXX_FEATURE:1cxx_defaulted_move_initializers
    Feature record: CXX_FEATURE:1cxx_delegating_constructors
    Feature record: CXX_FEATURE:1cxx_deleted_functions
    Feature record: CXX_FEATURE:1cxx_digit_separators
    Feature record: CXX_FEATURE:1cxx_enum_forward_declarations
    Feature record: CXX_FEATURE:1cxx_explicit_conversions
    Feature record: CXX_FEATURE:1cxx_extended_friend_declarations
    Feature record: CXX_FEATURE:1cxx_extern_templates
    Feature record: CXX_FEATURE:1cxx_final
    Feature record: CXX_FEATURE:1cxx_func_identifier
    Feature record: CXX_FEATURE:1cxx_generalized_initializers
    Feature record: CXX_FEATURE:1cxx_generic_lambdas
    Feature record: CXX_FEATURE:1cxx_inheriting_constructors
    Feature record: CXX_FEATURE:1cxx_inline_namespaces
    Feature record: CXX_FEATURE:1cxx_lambdas
    Feature record: CXX_FEATURE:1cxx_lambda_init_captures
    Feature record: CXX_FEATURE:1cxx_local_type_template_args
    Feature record: CXX_FEATURE:1cxx_long_long_type
    Feature record: CXX_FEATURE:1cxx_noexcept
    Feature record: CXX_FEATURE:1cxx_nonstatic_member_init
    Feature record: CXX_FEATURE:1cxx_nullptr
    Feature record: CXX_FEATURE:1cxx_override
    Feature record: CXX_FEATURE:1cxx_range_for
    Feature record: CXX_FEATURE:1cxx_raw_string_literals
    Feature record: CXX_FEATURE:1cxx_reference_qualified_functions
    Feature record: CXX_FEATURE:1cxx_relaxed_constexpr
    Feature record: CXX_FEATURE:1cxx_return_type_deduction
    Feature record: CXX_FEATURE:1cxx_right_angle_brackets
    Feature record: CXX_FEATURE:1cxx_rvalue_references
    Feature record: CXX_FEATURE:1cxx_sizeof_member
    Feature record: CXX_FEATURE:1cxx_static_assert
    Feature record: CXX_FEATURE:1cxx_strong_enums
    Feature record: CXX_FEATURE:1cxx_template_template_parameters
    Feature record: CXX_FEATURE:1cxx_thread_local
    Feature record: CXX_FEATURE:1cxx_trailing_return_types
    Feature record: CXX_FEATURE:1cxx_unicode_literals
    Feature record: CXX_FEATURE:1cxx_uniform_initialization
    Feature record: CXX_FEATURE:1cxx_unrestricted_unions
    Feature record: CXX_FEATURE:1cxx_user_literals
    Feature record: CXX_FEATURE:1cxx_variable_templates
    Feature record: CXX_FEATURE:1cxx_variadic_macros
    Feature record: CXX_FEATURE:1cxx_variadic_templates


Detecting CXX [-std=c++17] compiler features compiled with the following output:
Change Dir: /home/cristian/Documents/AzerothCore/azerothcore/cmake-build-release/CMakeFiles/CMakeTmp

Run Build Command(s):/usr/bin/make cmTC_634f6/fast 
/usr/bin/make -f CMakeFiles/cmTC_634f6.dir/build.make CMakeFiles/cmTC_634f6.dir/build
make[1]: Entering directory '/home/cristian/Documents/AzerothCore/azerothcore/cmake-build-release/CMakeFiles/CMakeTmp'
Building CXX object CMakeFiles/cmTC_634f6.dir/feature_tests.cxx.o
/usr/bin/clang++-6.0    -std=c++17 -o CMakeFiles/cmTC_634f6.dir/feature_tests.cxx.o -c /home/cristian/Documents/AzerothCore/azerothcore/cmake-build-release/CMakeFiles/feature_tests.cxx
Linking CXX executable cmTC_634f6
/home/cristian/Documents/CLion/bin/cmake/linux/bin/cmake -E cmake_link_script CMakeFiles/cmTC_634f6.dir/link.txt --verbose=1
/usr/bin/clang++-6.0       -rdynamic CMakeFiles/cmTC_634f6.dir/feature_tests.cxx.o  -o cmTC_634f6 
make[1]: Leaving directory '/home/cristian/Documents/AzerothCore/azerothcore/cmake-build-release/CMakeFiles/CMakeTmp'


    Feature record: CXX_FEATURE:1cxx_aggregate_default_initializers
    Feature record: CXX_FEATURE:1cxx_alias_templates
    Feature record: CXX_FEATURE:1cxx_alignas
    Feature record: CXX_FEATURE:1cxx_alignof
    Feature record: CXX_FEATURE:1cxx_attributes
    Feature record: CXX_FEATURE:1cxx_attribute_deprecated
    Feature record: CXX_FEATURE:1cxx_auto_type
    Feature record: CXX_FEATURE:1cxx_binary_literals
    Feature record: CXX_FEATURE:1cxx_constexpr
    Feature record: CXX_FEATURE:1cxx_contextual_conversions
    Feature record: CXX_FEATURE:1cxx_decltype
    Feature record: CXX_FEATURE:1cxx_decltype_auto
    Feature record: CXX_FEATURE:1cxx_decltype_incomplete_return_types
    Feature record: CXX_FEATURE:1cxx_default_function_template_args
    Feature record: CXX_FEATURE:1cxx_defaulted_functions
    Feature record: CXX_FEATURE:1cxx_defaulted_move_initializers
    Feature record: CXX_FEATURE:1cxx_delegating_constructors
    Feature record: CXX_FEATURE:1cxx_deleted_functions
    Feature record: CXX_FEATURE:1cxx_digit_separators
    Feature record: CXX_FEATURE:1cxx_enum_forward_declarations
    Feature record: CXX_FEATURE:1cxx_explicit_conversions
    Feature record: CXX_FEATURE:1cxx_extended_friend_declarations
    Feature record: CXX_FEATURE:1cxx_extern_templates
    Feature record: CXX_FEATURE:1cxx_final
    Feature record: CXX_FEATURE:1cxx_func_identifier
    Feature record: CXX_FEATURE:1cxx_generalized_initializers
    Feature record: CXX_FEATURE:1cxx_generic_lambdas
    Feature record: CXX_FEATURE:1cxx_inheriting_constructors
    Feature record: CXX_FEATURE:1cxx_inline_namespaces
    Feature record: CXX_FEATURE:1cxx_lambdas
    Feature record: CXX_FEATURE:1cxx_lambda_init_captures
    Feature record: CXX_FEATURE:1cxx_local_type_template_args
    Feature record: CXX_FEATURE:1cxx_long_long_type
    Feature record: CXX_FEATURE:1cxx_noexcept
    Feature record: CXX_FEATURE:1cxx_nonstatic_member_init
    Feature record: CXX_FEATURE:1cxx_nullptr
    Feature record: CXX_FEATURE:1cxx_override
    Feature record: CXX_FEATURE:1cxx_range_for
    Feature record: CXX_FEATURE:1cxx_raw_string_literals
    Feature record: CXX_FEATURE:1cxx_reference_qualified_functions
    Feature record: CXX_FEATURE:1cxx_relaxed_constexpr
    Feature record: CXX_FEATURE:1cxx_return_type_deduction
    Feature record: CXX_FEATURE:1cxx_right_angle_brackets
    Feature record: CXX_FEATURE:1cxx_rvalue_references
    Feature record: CXX_FEATURE:1cxx_sizeof_member
    Feature record: CXX_FEATURE:1cxx_static_assert
    Feature record: CXX_FEATURE:1cxx_strong_enums
    Feature record: CXX_FEATURE:1cxx_template_template_parameters
    Feature record: CXX_FEATURE:1cxx_thread_local
    Feature record: CXX_FEATURE:1cxx_trailing_return_types
    Feature record: CXX_FEATURE:1cxx_unicode_literals
    Feature record: CXX_FEATURE:1cxx_uniform_initialization
    Feature record: CXX_FEATURE:1cxx_unrestricted_unions
    Feature record: CXX_FEATURE:1cxx_user_literals
    Feature record: CXX_FEATURE:1cxx_variable_templates
    Feature record: CXX_FEATURE:1cxx_variadic_macros
    Feature record: CXX_FEATURE:1cxx_variadic_templates


Detecting CXX [-std=c++14] compiler features compiled with the following output:
Change Dir: /home/cristian/Documents/AzerothCore/azerothcore/cmake-build-release/CMakeFiles/CMakeTmp

Run Build Command(s):/usr/bin/make cmTC_066e2/fast 
/usr/bin/make -f CMakeFiles/cmTC_066e2.dir/build.make CMakeFiles/cmTC_066e2.dir/build
make[1]: Entering directory '/home/cristian/Documents/AzerothCore/azerothcore/cmake-build-release/CMakeFiles/CMakeTmp'
Building CXX object CMakeFiles/cmTC_066e2.dir/feature_tests.cxx.o
/usr/bin/clang++-6.0    -std=c++14 -o CMakeFiles/cmTC_066e2.dir/feature_tests.cxx.o -c /home/cristian/Documents/AzerothCore/azerothcore/cmake-build-release/CMakeFiles/feature_tests.cxx
Linking CXX executable cmTC_066e2
/home/cristian/Documents/CLion/bin/cmake/linux/bin/cmake -E cmake_link_script CMakeFiles/cmTC_066e2.dir/link.txt --verbose=1
/usr/bin/clang++-6.0       -rdynamic CMakeFiles/cmTC_066e2.dir/feature_tests.cxx.o  -o cmTC_066e2 
make[1]: Leaving directory '/home/cristian/Documents/AzerothCore/azerothcore/cmake-build-release/CMakeFiles/CMakeTmp'


    Feature record: CXX_FEATURE:1cxx_aggregate_default_initializers
    Feature record: CXX_FEATURE:1cxx_alias_templates
    Feature record: CXX_FEATURE:1cxx_alignas
    Feature record: CXX_FEATURE:1cxx_alignof
    Feature record: CXX_FEATURE:1cxx_attributes
    Feature record: CXX_FEATURE:1cxx_attribute_deprecated
    Feature record: CXX_FEATURE:1cxx_auto_type
    Feature record: CXX_FEATURE:1cxx_binary_literals
    Feature record: CXX_FEATURE:1cxx_constexpr
    Feature record: CXX_FEATURE:1cxx_contextual_conversions
    Feature record: CXX_FEATURE:1cxx_decltype
    Feature record: CXX_FEATURE:1cxx_decltype_auto
    Feature record: CXX_FEATURE:1cxx_decltype_incomplete_return_types
    Feature record: CXX_FEATURE:1cxx_default_function_template_args
    Feature record: CXX_FEATURE:1cxx_defaulted_functions
    Feature record: CXX_FEATURE:1cxx_defaulted_move_initializers
    Feature record: CXX_FEATURE:1cxx_delegating_constructors
    Feature record: CXX_FEATURE:1cxx_deleted_functions
    Feature record: CXX_FEATURE:1cxx_digit_separators
    Feature record: CXX_FEATURE:1cxx_enum_forward_declarations
    Feature record: CXX_FEATURE:1cxx_explicit_conversions
    Feature record: CXX_FEATURE:1cxx_extended_friend_declarations
    Feature record: CXX_FEATURE:1cxx_extern_templates
    Feature record: CXX_FEATURE:1cxx_final
    Feature record: CXX_FEATURE:1cxx_func_identifier
    Feature record: CXX_FEATURE:1cxx_generalized_initializers
    Feature record: CXX_FEATURE:1cxx_generic_lambdas
    Feature record: CXX_FEATURE:1cxx_inheriting_constructors
    Feature record: CXX_FEATURE:1cxx_inline_namespaces
    Feature record: CXX_FEATURE:1cxx_lambdas
    Feature record: CXX_FEATURE:1cxx_lambda_init_captures
    Feature record: CXX_FEATURE:1cxx_local_type_template_args
    Feature record: CXX_FEATURE:1cxx_long_long_type
    Feature record: CXX_FEATURE:1cxx_noexcept
    Feature record: CXX_FEATURE:1cxx_nonstatic_member_init
    Feature record: CXX_FEATURE:1cxx_nullptr
    Feature record: CXX_FEATURE:1cxx_override
    Feature record: CXX_FEATURE:1cxx_range_for
    Feature record: CXX_FEATURE:1cxx_raw_string_literals
    Feature record: CXX_FEATURE:1cxx_reference_qualified_functions
    Feature record: CXX_FEATURE:1cxx_relaxed_constexpr
    Feature record: CXX_FEATURE:1cxx_return_type_deduction
    Feature record: CXX_FEATURE:1cxx_right_angle_brackets
    Feature record: CXX_FEATURE:1cxx_rvalue_references
    Feature record: CXX_FEATURE:1cxx_sizeof_member
    Feature record: CXX_FEATURE:1cxx_static_assert
    Feature record: CXX_FEATURE:1cxx_strong_enums
    Feature record: CXX_FEATURE:1cxx_template_template_parameters
    Feature record: CXX_FEATURE:1cxx_thread_local
    Feature record: CXX_FEATURE:1cxx_trailing_return_types
    Feature record: CXX_FEATURE:1cxx_unicode_literals
    Feature record: CXX_FEATURE:1cxx_uniform_initialization
    Feature record: CXX_FEATURE:1cxx_unrestricted_unions
    Feature record: CXX_FEATURE:1cxx_user_literals
    Feature record: CXX_FEATURE:1cxx_variable_templates
    Feature record: CXX_FEATURE:1cxx_variadic_macros
    Feature record: CXX_FEATURE:1cxx_variadic_templates


Detecting CXX [-std=c++11] compiler features compiled with the following output:
Change Dir: /home/cristian/Documents/AzerothCore/azerothcore/cmake-build-release/CMakeFiles/CMakeTmp

Run Build Command(s):/usr/bin/make cmTC_91a04/fast 
/usr/bin/make -f CMakeFiles/cmTC_91a04.dir/build.make CMakeFiles/cmTC_91a04.dir/build
make[1]: Entering directory '/home/cristian/Documents/AzerothCore/azerothcore/cmake-build-release/CMakeFiles/CMakeTmp'
Building CXX object CMakeFiles/cmTC_91a04.dir/feature_tests.cxx.o
/usr/bin/clang++-6.0    -std=c++11 -o CMakeFiles/cmTC_91a04.dir/feature_tests.cxx.o -c /home/cristian/Documents/AzerothCore/azerothcore/cmake-build-release/CMakeFiles/feature_tests.cxx
Linking CXX executable cmTC_91a04
/home/cristian/Documents/CLion/bin/cmake/linux/bin/cmake -E cmake_link_script CMakeFiles/cmTC_91a04.dir/link.txt --verbose=1
/usr/bin/clang++-6.0       -rdynamic CMakeFiles/cmTC_91a04.dir/feature_tests.cxx.o  -o cmTC_91a04 
make[1]: Leaving directory '/home/cristian/Documents/AzerothCore/azerothcore/cmake-build-release/CMakeFiles/CMakeTmp'


    Feature record: CXX_FEATURE:0cxx_aggregate_default_initializers
    Feature record: CXX_FEATURE:1cxx_alias_templates
    Feature record: CXX_FEATURE:1cxx_alignas
    Feature record: CXX_FEATURE:1cxx_alignof
    Feature record: CXX_FEATURE:1cxx_attributes
    Feature record: CXX_FEATURE:0cxx_attribute_deprecated
    Feature record: CXX_FEATURE:1cxx_auto_type
    Feature record: CXX_FEATURE:0cxx_binary_literals
    Feature record: CXX_FEATURE:1cxx_constexpr
    Feature record: CXX_FEATURE:0cxx_contextual_conversions
    Feature record: CXX_FEATURE:1cxx_decltype
    Feature record: CXX_FEATURE:0cxx_decltype_auto
    Feature record: CXX_FEATURE:1cxx_decltype_incomplete_return_types
    Feature record: CXX_FEATURE:1cxx_default_function_template_args
    Feature record: CXX_FEATURE:1cxx_defaulted_functions
    Feature record: CXX_FEATURE:1cxx_defaulted_move_initializers
    Feature record: CXX_FEATURE:1cxx_delegating_constructors
    Feature record: CXX_FEATURE:1cxx_deleted_functions
    Feature record: CXX_FEATURE:0cxx_digit_separators
    Feature record: CXX_FEATURE:1cxx_enum_forward_declarations
    Feature record: CXX_FEATURE:1cxx_explicit_conversions
    Feature record: CXX_FEATURE:1cxx_extended_friend_declarations
    Feature record: CXX_FEATURE:1cxx_extern_templates
    Feature record: CXX_FEATURE:1cxx_final
    Feature record: CXX_FEATURE:1cxx_func_identifier
    Feature record: CXX_FEATURE:1cxx_generalized_initializers
    Feature record: CXX_FEATURE:0cxx_generic_lambdas
    Feature record: CXX_FEATURE:1cxx_inheriting_constructors
    Feature record: CXX_FEATURE:1cxx_inline_namespaces
    Feature record: CXX_FEATURE:1cxx_lambdas
    Feature record: CXX_FEATURE:0cxx_lambda_init_captures
    Feature record: CXX_FEATURE:1cxx_local_type_template_args
    Feature record: CXX_FEATURE:1cxx_long_long_type
    Feature record: CXX_FEATURE:1cxx_noexcept
    Feature record: CXX_FEATURE:1cxx_nonstatic_member_init
    Feature record: CXX_FEATURE:1cxx_nullptr
    Feature record: CXX_FEATURE:1cxx_override
    Feature record: CXX_FEATURE:1cxx_range_for
    Feature record: CXX_FEATURE:1cxx_raw_string_literals
    Feature record: CXX_FEATURE:1cxx_reference_qualified_functions
    Feature record: CXX_FEATURE:0cxx_relaxed_constexpr
    Feature record: CXX_FEATURE:0cxx_return_type_deduction
    Feature record: CXX_FEATURE:1cxx_right_angle_brackets
    Feature record: CXX_FEATURE:1cxx_rvalue_references
    Feature record: CXX_FEATURE:1cxx_sizeof_member
    Feature record: CXX_FEATURE:1cxx_static_assert
    Feature record: CXX_FEATURE:1cxx_strong_enums
    Feature record: CXX_FEATURE:1cxx_template_template_parameters
    Feature record: CXX_FEATURE:1cxx_thread_local
    Feature record: CXX_FEATURE:1cxx_trailing_return_types
    Feature record: CXX_FEATURE:1cxx_unicode_literals
    Feature record: CXX_FEATURE:1cxx_uniform_initialization
    Feature record: CXX_FEATURE:1cxx_unrestricted_unions
    Feature record: CXX_FEATURE:1cxx_user_literals
    Feature record: CXX_FEATURE:0cxx_variable_templates
    Feature record: CXX_FEATURE:1cxx_variadic_macros
    Feature record: CXX_FEATURE:1cxx_variadic_templates


Detecting CXX [-std=c++98] compiler features compiled with the following output:
Change Dir: /home/cristian/Documents/AzerothCore/azerothcore/cmake-build-release/CMakeFiles/CMakeTmp

Run Build Command(s):/usr/bin/make cmTC_da8d4/fast 
/usr/bin/make -f CMakeFiles/cmTC_da8d4.dir/build.make CMakeFiles/cmTC_da8d4.dir/build
make[1]: Entering directory '/home/cristian/Documents/AzerothCore/azerothcore/cmake-build-release/CMakeFiles/CMakeTmp'
Building CXX object CMakeFiles/cmTC_da8d4.dir/feature_tests.cxx.o
/usr/bin/clang++-6.0    -std=c++98 -o CMakeFiles/cmTC_da8d4.dir/feature_tests.cxx.o -c /home/cristian/Documents/AzerothCore/azerothcore/cmake-build-release/CMakeFiles/feature_tests.cxx
Linking CXX executable cmTC_da8d4
/home/cristian/Documents/CLion/bin/cmake/linux/bin/cmake -E cmake_link_script CMakeFiles/cmTC_da8d4.dir/link.txt --verbose=1
/usr/bin/clang++-6.0       -rdynamic CMakeFiles/cmTC_da8d4.dir/feature_tests.cxx.o  -o cmTC_da8d4 
make[1]: Leaving directory '/home/cristian/Documents/AzerothCore/azerothcore/cmake-build-release/CMakeFiles/CMakeTmp'


    Feature record: CXX_FEATURE:0cxx_aggregate_default_initializers
    Feature record: CXX_FEATURE:0cxx_alias_templates
    Feature record: CXX_FEATURE:0cxx_alignas
    Feature record: CXX_FEATURE:0cxx_alignof
    Feature record: CXX_FEATURE:0cxx_attributes
    Feature record: CXX_FEATURE:0cxx_attribute_deprecated
    Feature record: CXX_FEATURE:0cxx_auto_type
    Feature record: CXX_FEATURE:0cxx_binary_literals
    Feature record: CXX_FEATURE:0cxx_constexpr
    Feature record: CXX_FEATURE:0cxx_contextual_conversions
    Feature record: CXX_FEATURE:0cxx_decltype
    Feature record: CXX_FEATURE:0cxx_decltype_auto
    Feature record: CXX_FEATURE:0cxx_decltype_incomplete_return_types
    Feature record: CXX_FEATURE:0cxx_default_function_template_args
    Feature record: CXX_FEATURE:0cxx_defaulted_functions
    Feature record: CXX_FEATURE:0cxx_defaulted_move_initializers
    Feature record: CXX_FEATURE:0cxx_delegating_constructors
    Feature record: CXX_FEATURE:0cxx_deleted_functions
    Feature record: CXX_FEATURE:0cxx_digit_separators
    Feature record: CXX_FEATURE:0cxx_enum_forward_declarations
    Feature record: CXX_FEATURE:0cxx_explicit_conversions
    Feature record: CXX_FEATURE:0cxx_extended_friend_declarations
    Feature record: CXX_FEATURE:0cxx_extern_templates
    Feature record: CXX_FEATURE:0cxx_final
    Feature record: CXX_FEATURE:0cxx_func_identifier
    Feature record: CXX_FEATURE:0cxx_generalized_initializers
    Feature record: CXX_FEATURE:0cxx_generic_lambdas
    Feature record: CXX_FEATURE:0cxx_inheriting_constructors
    Feature record: CXX_FEATURE:0cxx_inline_namespaces
    Feature record: CXX_FEATURE:0cxx_lambdas
    Feature record: CXX_FEATURE:0cxx_lambda_init_captures
    Feature record: CXX_FEATURE:0cxx_local_type_template_args
    Feature record: CXX_FEATURE:0cxx_long_long_type
    Feature record: CXX_FEATURE:0cxx_noexcept
    Feature record: CXX_FEATURE:0cxx_nonstatic_member_init
    Feature record: CXX_FEATURE:0cxx_nullptr
    Feature record: CXX_FEATURE:0cxx_override
    Feature record: CXX_FEATURE:0cxx_range_for
    Feature record: CXX_FEATURE:0cxx_raw_string_literals
    Feature record: CXX_FEATURE:0cxx_reference_qualified_functions
    Feature record: CXX_FEATURE:0cxx_relaxed_constexpr
    Feature record: CXX_FEATURE:0cxx_return_type_deduction
    Feature record: CXX_FEATURE:0cxx_right_angle_brackets
    Feature record: CXX_FEATURE:0cxx_rvalue_references
    Feature record: CXX_FEATURE:0cxx_sizeof_member
    Feature record: CXX_FEATURE:0cxx_static_assert
    Feature record: CXX_FEATURE:0cxx_strong_enums
    Feature record: CXX_FEATURE:1cxx_template_template_parameters
    Feature record: CXX_FEATURE:0cxx_thread_local
    Feature record: CXX_FEATURE:0cxx_trailing_return_types
    Feature record: CXX_FEATURE:0cxx_unicode_literals
    Feature record: CXX_FEATURE:0cxx_uniform_initialization
    Feature record: CXX_FEATURE:0cxx_unrestricted_unions
    Feature record: CXX_FEATURE:0cxx_user_literals
    Feature record: CXX_FEATURE:0cxx_variable_templates
    Feature record: CXX_FEATURE:0cxx_variadic_macros
    Feature record: CXX_FEATURE:0cxx_variadic_templates
Determining if the include file pthread.h exists passed with the following output:
Change Dir: /home/cristian/Documents/AzerothCore/azerothcore/cmake-build-release/CMakeFiles/CMakeTmp

Run Build Command(s):/usr/bin/make cmTC_38daa/fast 
/usr/bin/make -f CMakeFiles/cmTC_38daa.dir/build.make CMakeFiles/cmTC_38daa.dir/build
make[1]: Entering directory '/home/cristian/Documents/AzerothCore/azerothcore/cmake-build-release/CMakeFiles/CMakeTmp'
Building C object CMakeFiles/cmTC_38daa.dir/CheckIncludeFile.c.o
/usr/bin/clang-6.0    -o CMakeFiles/cmTC_38daa.dir/CheckIncludeFile.c.o   -c /home/cristian/Documents/AzerothCore/azerothcore/cmake-build-release/CMakeFiles/CMakeTmp/CheckIncludeFile.c
Linking C executable cmTC_38daa
/home/cristian/Documents/CLion/bin/cmake/linux/bin/cmake -E cmake_link_script CMakeFiles/cmTC_38daa.dir/link.txt --verbose=1
/usr/bin/clang-6.0      CMakeFiles/cmTC_38daa.dir/CheckIncludeFile.c.o  -o cmTC_38daa 
make[1]: Leaving directory '/home/cristian/Documents/AzerothCore/azerothcore/cmake-build-release/CMakeFiles/CMakeTmp'


Determining if the function pthread_create exists in the pthread passed with the following output:
Change Dir: /home/cristian/Documents/AzerothCore/azerothcore/cmake-build-release/CMakeFiles/CMakeTmp

Run Build Command(s):/usr/bin/make cmTC_aa54d/fast 
/usr/bin/make -f CMakeFiles/cmTC_aa54d.dir/build.make CMakeFiles/cmTC_aa54d.dir/build
make[1]: Entering directory '/home/cristian/Documents/AzerothCore/azerothcore/cmake-build-release/CMakeFiles/CMakeTmp'
Building C object CMakeFiles/cmTC_aa54d.dir/CheckFunctionExists.c.o
/usr/bin/clang-6.0   -DCHECK_FUNCTION_EXISTS=pthread_create   -o CMakeFiles/cmTC_aa54d.dir/CheckFunctionExists.c.o   -c /home/cristian/Documents/CLion/bin/cmake/linux/share/cmake-3.14/Modules/CheckFunctionExists.c
Linking C executable cmTC_aa54d
/home/cristian/Documents/CLion/bin/cmake/linux/bin/cmake -E cmake_link_script CMakeFiles/cmTC_aa54d.dir/link.txt --verbose=1
/usr/bin/clang-6.0  -DCHECK_FUNCTION_EXISTS=pthread_create    CMakeFiles/cmTC_aa54d.dir/CheckFunctionExists.c.o  -o cmTC_aa54d -lpthread 
make[1]: Leaving directory '/home/cristian/Documents/AzerothCore/azerothcore/cmake-build-release/CMakeFiles/CMakeTmp'


Determining if the open exist passed with the following output:
Change Dir: /home/cristian/Documents/AzerothCore/azerothcore/cmake-build-release/CMakeFiles/CMakeTmp

Run Build Command(s):/usr/bin/make cmTC_015f9/fast 
/usr/bin/make -f CMakeFiles/cmTC_015f9.dir/build.make CMakeFiles/cmTC_015f9.dir/build
make[1]: Entering directory '/home/cristian/Documents/AzerothCore/azerothcore/cmake-build-release/CMakeFiles/CMakeTmp'
Building C object CMakeFiles/cmTC_015f9.dir/CheckSymbolExists.c.o
/usr/bin/clang-6.0    -o CMakeFiles/cmTC_015f9.dir/CheckSymbolExists.c.o   -c /home/cristian/Documents/AzerothCore/azerothcore/cmake-build-release/CMakeFiles/CMakeTmp/CheckSymbolExists.c
Linking C executable cmTC_015f9
/home/cristian/Documents/CLion/bin/cmake/linux/bin/cmake -E cmake_link_script CMakeFiles/cmTC_015f9.dir/link.txt --verbose=1
/usr/bin/clang-6.0      CMakeFiles/cmTC_015f9.dir/CheckSymbolExists.c.o  -o cmTC_015f9 
make[1]: Leaving directory '/home/cristian/Documents/AzerothCore/azerothcore/cmake-build-release/CMakeFiles/CMakeTmp'

File /home/cristian/Documents/AzerothCore/azerothcore/cmake-build-release/CMakeFiles/CMakeTmp/CheckSymbolExists.c:
/* */
#include <fcntl.h>

int main(int argc, char** argv)
{
  (void)argv;
#ifndef open
  return ((int*)(&open))[argc];
#else
  (void)argc;
  return 0;
#endif
}

Determining if the MADV_FREE exist passed with the following output:
Change Dir: /home/cristian/Documents/AzerothCore/azerothcore/cmake-build-release/CMakeFiles/CMakeTmp

Run Build Command(s):/usr/bin/make cmTC_388b3/fast 
/usr/bin/make -f CMakeFiles/cmTC_388b3.dir/build.make CMakeFiles/cmTC_388b3.dir/build
make[1]: Entering directory '/home/cristian/Documents/AzerothCore/azerothcore/cmake-build-release/CMakeFiles/CMakeTmp'
Building C object CMakeFiles/cmTC_388b3.dir/CheckSymbolExists.c.o
/usr/bin/clang-6.0    -o CMakeFiles/cmTC_388b3.dir/CheckSymbolExists.c.o   -c /home/cristian/Documents/AzerothCore/azerothcore/cmake-build-release/CMakeFiles/CMakeTmp/CheckSymbolExists.c
Linking C executable cmTC_388b3
/home/cristian/Documents/CLion/bin/cmake/linux/bin/cmake -E cmake_link_script CMakeFiles/cmTC_388b3.dir/link.txt --verbose=1
/usr/bin/clang-6.0      CMakeFiles/cmTC_388b3.dir/CheckSymbolExists.c.o  -o cmTC_388b3 
make[1]: Leaving directory '/home/cristian/Documents/AzerothCore/azerothcore/cmake-build-release/CMakeFiles/CMakeTmp'

File /home/cristian/Documents/AzerothCore/azerothcore/cmake-build-release/CMakeFiles/CMakeTmp/CheckSymbolExists.c:
/* */
#include <sys/mman.h>

int main(int argc, char** argv)
{
  (void)argv;
#ifndef MADV_FREE
  return ((int*)(&MADV_FREE))[argc];
#else
  (void)argc;
  return 0;
#endif
}

