Determining if the pthread_create exist failed with the following output:
Change Dir: /home/cristian/Documents/AzerothCore/azerothcore/cmake-build-release/CMakeFiles/CMakeTmp

Run Build Command(s):/usr/bin/make cmTC_86198/fast 
/usr/bin/make -f CMakeFiles/cmTC_86198.dir/build.make CMakeFiles/cmTC_86198.dir/build
make[1]: Entering directory '/home/cristian/Documents/AzerothCore/azerothcore/cmake-build-release/CMakeFiles/CMakeTmp'
Building C object CMakeFiles/cmTC_86198.dir/CheckSymbolExists.c.o
/usr/bin/clang-6.0    -o CMakeFiles/cmTC_86198.dir/CheckSymbolExists.c.o   -c /home/cristian/Documents/AzerothCore/azerothcore/cmake-build-release/CMakeFiles/CMakeTmp/CheckSymbolExists.c
Linking C executable cmTC_86198
/home/cristian/Documents/CLion/bin/cmake/linux/bin/cmake -E cmake_link_script CMakeFiles/cmTC_86198.dir/link.txt --verbose=1
/usr/bin/clang-6.0      CMakeFiles/cmTC_86198.dir/CheckSymbolExists.c.o  -o cmTC_86198 
CMakeFiles/cmTC_86198.dir/CheckSymbolExists.c.o: In function `main':
CheckSymbolExists.c:(.text+0x19): undefined reference to `pthread_create'
clang: error: linker command failed with exit code 1 (use -v to see invocation)
CMakeFiles/cmTC_86198.dir/build.make:86: recipe for target 'cmTC_86198' failed
make[1]: *** [cmTC_86198] Error 1
make[1]: Leaving directory '/home/cristian/Documents/AzerothCore/azerothcore/cmake-build-release/CMakeFiles/CMakeTmp'
Makefile:121: recipe for target 'cmTC_86198/fast' failed
make: *** [cmTC_86198/fast] Error 2

File /home/cristian/Documents/AzerothCore/azerothcore/cmake-build-release/CMakeFiles/CMakeTmp/CheckSymbolExists.c:
/* */
#include <pthread.h>

int main(int argc, char** argv)
{
  (void)argv;
#ifndef pthread_create
  return ((int*)(&pthread_create))[argc];
#else
  (void)argc;
  return 0;
#endif
}

Determining if the function pthread_create exists in the pthreads failed with the following output:
Change Dir: /home/cristian/Documents/AzerothCore/azerothcore/cmake-build-release/CMakeFiles/CMakeTmp

Run Build Command(s):/usr/bin/make cmTC_28719/fast 
/usr/bin/make -f CMakeFiles/cmTC_28719.dir/build.make CMakeFiles/cmTC_28719.dir/build
make[1]: Entering directory '/home/cristian/Documents/AzerothCore/azerothcore/cmake-build-release/CMakeFiles/CMakeTmp'
Building C object CMakeFiles/cmTC_28719.dir/CheckFunctionExists.c.o
/usr/bin/clang-6.0   -DCHECK_FUNCTION_EXISTS=pthread_create   -o CMakeFiles/cmTC_28719.dir/CheckFunctionExists.c.o   -c /home/cristian/Documents/CLion/bin/cmake/linux/share/cmake-3.14/Modules/CheckFunctionExists.c
Linking C executable cmTC_28719
/home/cristian/Documents/CLion/bin/cmake/linux/bin/cmake -E cmake_link_script CMakeFiles/cmTC_28719.dir/link.txt --verbose=1
/usr/bin/clang-6.0  -DCHECK_FUNCTION_EXISTS=pthread_create    CMakeFiles/cmTC_28719.dir/CheckFunctionExists.c.o  -o cmTC_28719 -lpthreads 
/usr/bin/ld: cannot find -lpthreads
clang: error: linker command failed with exit code 1 (use -v to see invocation)
CMakeFiles/cmTC_28719.dir/build.make:86: recipe for target 'cmTC_28719' failed
make[1]: *** [cmTC_28719] Error 1
make[1]: Leaving directory '/home/cristian/Documents/AzerothCore/azerothcore/cmake-build-release/CMakeFiles/CMakeTmp'
Makefile:121: recipe for target 'cmTC_28719/fast' failed
make: *** [cmTC_28719/fast] Error 2


Determining if the strtod_l exist failed with the following output:
Change Dir: /home/cristian/Documents/AzerothCore/azerothcore/cmake-build-release/CMakeFiles/CMakeTmp

Run Build Command(s):/usr/bin/make cmTC_a6dd1/fast 
/usr/bin/make -f CMakeFiles/cmTC_a6dd1.dir/build.make CMakeFiles/cmTC_a6dd1.dir/build
make[1]: Entering directory '/home/cristian/Documents/AzerothCore/azerothcore/cmake-build-release/CMakeFiles/CMakeTmp'
Building C object CMakeFiles/cmTC_a6dd1.dir/CheckSymbolExists.c.o
/usr/bin/clang-6.0    -o CMakeFiles/cmTC_a6dd1.dir/CheckSymbolExists.c.o   -c /home/cristian/Documents/AzerothCore/azerothcore/cmake-build-release/CMakeFiles/CMakeTmp/CheckSymbolExists.c
/home/cristian/Documents/AzerothCore/azerothcore/cmake-build-release/CMakeFiles/CMakeTmp/CheckSymbolExists.c:8:19: error: use of undeclared identifier 'strtod_l'
  return ((int*)(&strtod_l))[argc];
                  ^
1 error generated.
CMakeFiles/cmTC_a6dd1.dir/build.make:65: recipe for target 'CMakeFiles/cmTC_a6dd1.dir/CheckSymbolExists.c.o' failed
make[1]: *** [CMakeFiles/cmTC_a6dd1.dir/CheckSymbolExists.c.o] Error 1
make[1]: Leaving directory '/home/cristian/Documents/AzerothCore/azerothcore/cmake-build-release/CMakeFiles/CMakeTmp'
Makefile:121: recipe for target 'cmTC_a6dd1/fast' failed
make: *** [cmTC_a6dd1/fast] Error 2

File /home/cristian/Documents/AzerothCore/azerothcore/cmake-build-release/CMakeFiles/CMakeTmp/CheckSymbolExists.c:
/* */
#include <stdlib.h>

int main(int argc, char** argv)
{
  (void)argv;
#ifndef strtod_l
  return ((int*)(&strtod_l))[argc];
#else
  (void)argc;
  return 0;
#endif
}

